==== Secondary Structure Definition by the program DSSP, CMBI version 3.0.10                          ==== DATE=2022-11-17     .
REFERENCE W. KABSCH AND C.SANDER, BIOPOLYMERS 22 (1983) 2577-2637                                                              .
HEADER                                            01-JUL-21                                                                    .
COMPND    MOL_ID: 1; MOLECULE: CALRETICULIN; CHAIN: A                                                                          .
SOURCE    MOL_ID: 1; ORGANISM_SCIENTIFIC: HOMO SAPIENS; ORGANISM_TAXID: 9606                                                   .
AUTHOR                                                                                                                         .
  417  1  0  0  0 TOTAL NUMBER OF RESIDUES, NUMBER OF CHAINS, NUMBER OF SS-BRIDGES(TOTAL,INTRACHAIN,INTERCHAIN)                .
 28844.8   ACCESSIBLE SURFACE OF PROTEIN (ANGSTROM**2)                                                                         .
  256 61.4   TOTAL NUMBER OF HYDROGEN BONDS OF TYPE O(I)-->H-N(J)  , SAME NUMBER PER 100 RESIDUES                              .
    2  0.5   TOTAL NUMBER OF HYDROGEN BONDS IN     PARALLEL BRIDGES, SAME NUMBER PER 100 RESIDUES                              .
  103 24.7   TOTAL NUMBER OF HYDROGEN BONDS IN ANTIPARALLEL BRIDGES, SAME NUMBER PER 100 RESIDUES                              .
    0  0.0   TOTAL NUMBER OF HYDROGEN BONDS OF TYPE O(I)-->H-N(I-5), SAME NUMBER PER 100 RESIDUES                              .
    2  0.5   TOTAL NUMBER OF HYDROGEN BONDS OF TYPE O(I)-->H-N(I-4), SAME NUMBER PER 100 RESIDUES                              .
    2  0.5   TOTAL NUMBER OF HYDROGEN BONDS OF TYPE O(I)-->H-N(I-3), SAME NUMBER PER 100 RESIDUES                              .
    0  0.0   TOTAL NUMBER OF HYDROGEN BONDS OF TYPE O(I)-->H-N(I-2), SAME NUMBER PER 100 RESIDUES                              .
    1  0.2   TOTAL NUMBER OF HYDROGEN BONDS OF TYPE O(I)-->H-N(I-1), SAME NUMBER PER 100 RESIDUES                              .
    0  0.0   TOTAL NUMBER OF HYDROGEN BONDS OF TYPE O(I)-->H-N(I+0), SAME NUMBER PER 100 RESIDUES                              .
    0  0.0   TOTAL NUMBER OF HYDROGEN BONDS OF TYPE O(I)-->H-N(I+1), SAME NUMBER PER 100 RESIDUES                              .
   43 10.3   TOTAL NUMBER OF HYDROGEN BONDS OF TYPE O(I)-->H-N(I+2), SAME NUMBER PER 100 RESIDUES                              .
   36  8.6   TOTAL NUMBER OF HYDROGEN BONDS OF TYPE O(I)-->H-N(I+3), SAME NUMBER PER 100 RESIDUES                              .
   65 15.6   TOTAL NUMBER OF HYDROGEN BONDS OF TYPE O(I)-->H-N(I+4), SAME NUMBER PER 100 RESIDUES                              .
    1  0.2   TOTAL NUMBER OF HYDROGEN BONDS OF TYPE O(I)-->H-N(I+5), SAME NUMBER PER 100 RESIDUES                              .
  1  2  3  4  5  6  7  8  9 10 11 12 13 14 15 16 17 18 19 20 21 22 23 24 25 26 27 28 29 30     *** HISTOGRAMS OF ***           .
  0  0  0  2  0  0  0  0  0  1  0  0  0  0  0  0  0  0  0  0  0  0  0  0  0  0  0  0  0  1    RESIDUES PER ALPHA HELIX         .
  1  0  0  0  0  0  0  0  0  0  0  0  0  0  0  0  0  0  0  0  0  0  0  0  0  0  0  0  0  0    PARALLEL BRIDGES PER LADDER      .
  2  1  7  3  1  2  0  2  1  0  0  0  0  0  0  0  0  0  0  0  0  0  0  0  0  0  0  0  0  0    ANTIPARALLEL BRIDGES PER LADDER  .
  3  0  0  0  0  0  1  0  1  0  0  0  0  0  0  0  0  0  0  0  0  0  0  0  0  0  0  0  0  0    LADDERS PER SHEET                .
  #  RESIDUE AA STRUCTURE BP1 BP2  ACC     N-H-->O    O-->H-N    N-H-->O    O-->H-N    TCO  KAPPA ALPHA  PHI   PSI    X-CA   Y-CA   Z-CA            CHAIN AUTHCHAIN
    1    1 A M              0   0  250      0, 0.0     2,-0.3     0, 0.0     0, 0.0   0.000 360.0 360.0 360.0 105.7   17.3   75.3    3.9                A         A
    2    2 A L        +     0   0  158      2,-0.0     2,-0.1     0, 0.0     0, 0.0  -0.701 360.0 167.2 -80.3 142.3   16.0   71.9    5.1                A         A
    3    3 A L        -     0   0  174     -2,-0.3     2,-0.4     2,-0.0     0, 0.0  -0.600   9.8-176.1-153.6  96.0   13.8   69.6    3.0                A         A
    4    4 A S        -     0   0  110     -2,-0.1    -2,-0.0     0, 0.0     0, 0.0  -0.733  17.2-144.6 -75.8 133.0   13.4   66.1    4.4                A         A
    5    5 A V        -     0   0  136     -2,-0.4     2,-0.2     0, 0.0    -2,-0.0  -0.899  24.4-120.8 -98.4 129.4   11.5   63.6    2.1                A         A
    6    6 A P        -     0   0  110      0, 0.0     2,-0.4     0, 0.0     0, 0.0  -0.523  20.3-113.0 -80.7 142.6    9.3   61.1    4.2                A         A
    7    7 A L        -     0   0  151     -2,-0.2     2,-0.9     1,-0.0     0, 0.0  -0.577  20.9-148.4 -67.8 115.0    9.7   57.3    4.0                A         A
    8    8 A L        -     0   0  171     -2,-0.4     2,-0.9     2,-0.0    -1,-0.0  -0.841  10.1-162.1 -83.6 103.8    6.7   55.5    2.5                A         A
    9    9 A L        -     0   0  145     -2,-0.9     2,-0.7     2,-0.0    -2,-0.0  -0.843  10.6-150.0 -78.8 107.8    6.6   52.1    4.2                A         A
   10   10 A G        -     0   0   66     -2,-0.9     2,-1.1     2,-0.0    -2,-0.0  -0.776   4.5-144.9 -75.0 112.0    4.4   50.0    1.9                A         A
   11   11 A L        -     0   0  176     -2,-0.7     2,-1.1     2,-0.0    -2,-0.0  -0.759  10.0-157.5 -71.5  98.0    2.6   47.4    4.0                A         A
   12   12 A L        -     0   0  166     -2,-1.1     2,-0.8     2,-0.0    -2,-0.0  -0.791  10.2-151.7 -69.7 100.7    2.4   44.4    1.6                A         A
   13   13 A G        -     0   0   71     -2,-1.1     2,-0.9     2,-0.0    -2,-0.0  -0.771   9.6-138.1 -68.9 110.5   -0.5   42.6    3.1                A         A
   14   14 A L        -     0   0  160     -2,-0.8     2,-1.4     1,-0.0    -2,-0.0  -0.717  13.7-142.7 -63.7 103.9    0.1   39.0    2.3                A         A
   15   15 A A        -     0   0  103     -2,-0.9     2,-0.8     3,-0.0    -1,-0.0  -0.721  14.0-156.7 -67.4  92.6   -3.4   37.9    1.4                A         A
   16   16 A V        -     0   0  131     -2,-1.4     2,-0.2     3,-0.0    -2,-0.0  -0.765  18.3-131.8 -69.1 109.0   -3.3   34.5    2.9                A         A
   17   17 A A        -     0   0   83     -2,-0.8     3,-0.1     1,-0.1    -3,-0.0  -0.547  22.8-111.5 -62.3 134.0   -6.0   32.8    0.9                A         A
   18   18 A E        -     0   0  179     -2,-0.2     2,-0.1     1,-0.1    -1,-0.1  -0.443  42.3 -92.0 -63.7 144.9   -8.4   30.8    3.1                A         A
   19   19 A P        -     0   0   50      0, 0.0     2,-0.8     0, 0.0    -1,-0.1  -0.393  37.7-130.8 -62.3 128.8   -8.2   27.0    2.7                A         A
   20   20 A A        -     0   0   33     -2,-0.1   314,-0.9    -3,-0.1     2,-0.8  -0.744  17.3-160.2 -85.5 109.7  -10.6   25.7    0.1                A         A
   21   21 A V  E     +A  333   0A  62     -2,-0.8   312,-0.2   312,-0.2     3,-0.1  -0.811  15.2 174.4 -89.7 106.7  -12.6   22.8    1.6                A         A
   22   22 A Y  E     +     0   0A  41    310,-2.1    60,-0.4    -2,-0.8     2,-0.3   0.836  69.9   5.6 -82.0 -37.0  -14.1   20.9   -1.4                A         A
   23   23 A F  E     +A  332   0A  18    309,-1.7   309,-2.8    58,-0.1    -1,-0.3  -0.985  61.5 173.8-149.5 139.4  -15.5   18.0    0.6                A         A
   24   24 A K  E     +A  331   0A  84     -2,-0.3     2,-0.4   307,-0.2   307,-0.2  -0.929   4.4 172.6-148.1 123.8  -15.8   17.2    4.3                A         A
   25   25 A E  E     +A  330   0A   6    305,-2.3   305,-1.0    -2,-0.3    -2,-0.0  -0.999  16.9 151.0-136.3 133.7  -17.7   14.3    6.0                A         A
   26   26 A Q        -     0   0   48     -2,-0.4    38,-0.2   303,-0.2    -1,-0.1   0.209  49.3-129.5-142.0   0.8  -17.7   13.3    9.7                A         A
   27   27 A F    >   +     0   0    1      1,-0.2     3,-0.6     2,-0.1     6,-0.1   0.654  60.3 139.3  52.3  27.6  -21.2   11.6   10.1                A         A
   28   28 A L  T 3   +     0   0  103      1,-0.2    -1,-0.2    34,-0.1     3,-0.1   0.436  55.4  71.6 -78.1  -2.7  -22.0   13.7   13.2                A         A
   29   29 A D  T >  S-     0   0   86      1,-0.4     3,-1.7     0, 0.0    -1,-0.2  -0.041  95.7-128.5-109.7  30.0  -25.7   14.2   12.1                A         A
   30   30 A G  G X  S-     0   0   36     -3,-0.6     3,-0.9     1,-0.3    -1,-0.4  -0.365  86.2  -1.2  59.7-128.9  -27.0   10.7   12.8                A         A
   31   31 A D  G >  S+     0   0  126      1,-0.2     3,-1.7     2,-0.1     4,-0.3   0.459 105.7 103.2 -71.1   0.6  -28.9    9.3    9.7                A         A
   32   32 A G  G X   +     0   0   22     -3,-1.7     3,-1.8     1,-0.3     4,-0.4   0.818  67.3  69.2 -55.2 -30.5  -28.2   12.7    7.8                A         A
   33   33 A W  G X> S+     0   0   21     -3,-0.9     4,-2.3     1,-0.3     3,-1.6   0.802  82.3  72.8 -58.7 -29.7  -25.4   10.9    5.8                A         A
   34   34 A T  G <4 S+     0   0   83     -3,-1.7    -1,-0.3     1,-0.3    -2,-0.2   0.676  95.9  52.3 -63.0 -17.5  -28.0    8.8    3.9                A         A
   35   35 A S  G <4 S+     0   0  100     -3,-1.8    -1,-0.3    -4,-0.3    -2,-0.2   0.657 114.5  40.9 -86.4 -20.3  -29.0   12.0    2.0                A         A
   36   36 A R  T <4 S+     0   0   75     -3,-1.6    44,-0.7    -4,-0.4     2,-0.4   0.722 107.7  65.9 -98.0 -30.9  -25.3   12.7    0.9                A         A
   37   37 A W  E  <  -H   79   0B  10     -4,-2.3     2,-0.5    42,-0.2    42,-0.2  -0.832  65.9-158.1-104.0 133.6  -24.2    9.2    0.1                A         A
   38   38 A I  E     -H   78   0B  64     40,-3.2    40,-2.2    -2,-0.4     2,-0.4  -0.940  11.6-137.7-114.4 125.3  -25.7    7.2   -2.9                A         A
   39   39 A E  E     -H   77   0B 102     -2,-0.5    38,-0.2    38,-0.2     2,-0.1  -0.651  26.8-117.9 -75.4 132.2  -25.6    3.4   -3.1                A         A
   40   40 A S        -     0   0    8     36,-2.7    81,-0.2    -2,-0.4    80,-0.2  -0.418  16.6-161.9 -66.8 146.2  -24.7    2.0   -6.6                A         A
   41   41 A K        +     0   0  164     79,-2.8    80,-0.2    -2,-0.1    -1,-0.1   0.252  63.8 106.5-110.7   7.5  -27.4   -0.1   -8.4                A         A
   42   42 A H  S    S+     0   0   79     80,-0.4     2,-0.3    78,-0.1    -1,-0.1   0.853  90.5  28.2 -56.9 -37.3  -24.9   -1.7  -10.9                A         A
   43   43 A K    >   -     0   0   87     -3,-0.1     3,-0.6     1,-0.1    -1,-0.1  -0.966  69.4-146.7-123.6 145.0  -25.2   -5.0   -8.8                A         A
   44   44 A S  T 3  S+     0   0  131     -2,-0.3    -1,-0.1     1,-0.2    -2,-0.1   0.600  96.3  56.0 -79.6 -16.6  -28.2   -6.2   -6.8                A         A
   45   45 A D  T 3  S+     0   0   92      2,-0.0    29,-0.3    -4,-0.0    -1,-0.2   0.096  71.4 143.2-111.6  19.5  -25.9   -7.9   -4.2                A         A
   46   46 A F    <   -     0   0   28     -3,-0.6    29,-0.2    -6,-0.1     2,-0.1  -0.215  56.1-103.3 -54.5 146.5  -23.7   -5.0   -3.0                A         A
   47   47 A G        -     0   0    7     27,-3.2     2,-0.4    23,-0.1    29,-0.4  -0.441  34.6-114.7 -71.1 149.2  -22.8   -5.0    0.7                A         A
   48   48 A K        -     0   0  129     -2,-0.1    21,-1.7    27,-0.1     2,-0.3  -0.766  16.5-143.5 -91.0 130.7  -24.5   -2.6    3.1                A         A
   49   49 A F  E     -B   68   0A  11     -2,-0.4     2,-0.3    19,-0.2    19,-0.2  -0.679  18.8-167.2 -80.7 143.1  -22.8    0.3    4.9                A         A
   50   50 A V  E     -B   67   0A  59     17,-2.3    17,-3.2    -2,-0.3     2,-0.6  -0.977  26.8-114.7-127.6 145.4  -24.0    1.0    8.4                A         A
   51   51 A L  E     +B   66   0A  43     -2,-0.3     2,-0.3    15,-0.2    15,-0.2  -0.727  57.5 144.2 -79.4 119.3  -23.3    4.0   10.6                A         A
   52   52 A S  E     -B   65   0A  30     13,-2.2    13,-2.6    -2,-0.6     3,-0.1  -0.990  53.7-148.6-157.0 147.8  -21.2    2.6   13.6                A         A
   53   53 A S        -     0   0   13      1,-0.3     3,-0.2    -2,-0.3    11,-0.1   0.341  54.7-128.7 -93.6   0.6  -18.4    3.5   16.0                A         A
   54   54 A G        -     0   0   16      1,-0.2    -1,-0.3    11,-0.1     3,-0.1  -0.330  39.4 -57.9  78.7-168.5  -17.3   -0.2   16.3                A         A
   55   55 A K  S    S+     0   0  163      1,-0.2     2,-0.3    -3,-0.1    -1,-0.2   0.721 126.1  27.9 -82.8 -26.7  -16.8   -2.2   19.5                A         A
   56   56 A F  S    S+     0   0    5     -3,-0.2     2,-0.3     3,-0.0    -1,-0.2  -0.995  73.8 150.5-137.4 143.5  -14.1    0.2   20.8                A         A
   57   57 A Y        -     0   0   46     -2,-0.3   300,-0.2   296,-0.2     3,-0.2  -0.931  50.6-117.3-158.3 169.6  -13.6    3.9   20.1                A         A
   58   58 A G  S    S+     0   0   27      1,-0.3     2,-0.3    -2,-0.3    -1,-0.1   0.868 105.6   8.2 -81.6 -43.9  -12.3    7.2   21.5                A         A
   59   59 A D     >  -     0   0   63     -3,-0.1     4,-2.3    -6,-0.1    -1,-0.3  -0.984  68.8-140.3-144.0 124.1  -15.8    8.9   21.5                A         A
   60   60 A E  T  4 S+     0   0  107     -2,-0.3    -7,-0.1     1,-0.2    -1,-0.1   0.722 102.5  33.8 -60.2 -27.9  -19.1    7.1   20.7                A         A
   61   61 A E  T >4 S+     0   0  111      2,-0.1     3,-0.7     1,-0.1    -1,-0.2   0.796 119.3  47.5 -99.3 -36.7  -20.6    9.9   18.7                A         A
   62   62 A K  T 34 S+     0   0  115      1,-0.2    -2,-0.2   284,-0.0   -34,-0.1   0.761 109.2  53.7 -77.7 -27.1  -17.5   11.4   17.0                A         A
   63   63 A D  T 3< S+     0   0   17     -4,-2.3     2,-0.5   265,-0.1    -1,-0.2   0.138  75.4 125.7 -95.7  13.6  -16.0    8.1   15.8                A         A
   64   64 A K    <   +     0   0   38     -3,-0.7   -11,-0.3   -38,-0.2     2,-0.2  -0.671  35.7 153.3 -68.7 124.7  -19.3    7.0   14.0                A         A
   65   65 A G  E     -B   52   0A   0    -13,-2.6   -13,-2.2    -2,-0.5     2,-0.9  -0.776  53.2 -66.1-139.0-178.4  -18.3    6.2   10.4                A         A
   66   66 A L  E     -BC  51 327A   0    261,-2.4   261,-1.9    -2,-0.2     2,-0.4  -0.674  54.4-167.4 -76.8 107.2  -19.4    4.1    7.5                A         A
   67   67 A Q  E     -BC  50 326A  28    -17,-3.2   -17,-2.3    -2,-0.9     2,-0.3  -0.813  22.6-125.4 -97.4 132.4  -18.9    0.4    8.6                A         A
   68   68 A T  E     -B   49   0A   1    257,-2.2   256,-0.4    -2,-0.4   -19,-0.2  -0.623  29.0-177.3 -69.5 129.6  -19.0   -2.5    6.1                A         A
   69   69 A S        +     0   0   52    -21,-1.7     2,-0.4    -2,-0.3    -1,-0.1   0.441  53.5  64.6-114.1  -6.7  -21.6   -5.0    7.6                A         A
   70   70 A Q  S    S-     0   0   57    -22,-0.2     3,-0.5     3,-0.1    -1,-0.1  -0.983  72.7-130.0-131.3 123.5  -21.6   -8.0    5.3                A         A
   71   71 A D  S    S+     0   0   95     -2,-0.4   251,-0.2     1,-0.2   250,-0.2  -0.286  86.2  17.2 -68.0 151.2  -18.8  -10.5    4.7                A         A
   72   72 A A  S    S+     0   0   55    249,-1.9     2,-0.3   248,-0.4   249,-0.2   0.875  97.5 130.6  51.7  47.9  -17.6  -11.6    1.2                A         A
   73   73 A R  E     - I   0 320B  79    247,-1.6   247,-2.0    -3,-0.5     2,-0.3  -0.948  59.0-127.7-125.6 148.2  -19.3   -8.5   -0.6                A         A
   74   74 A F  E     - I   0 319B  88     -2,-0.3   -27,-3.2   -29,-0.3     2,-0.4  -0.741  29.0-152.7 -78.2 143.5  -18.4   -5.8   -3.0                A         A
   75   75 A Y  E     + I   0 318B   0    243,-2.9   243,-2.0    -2,-0.3     2,-0.2  -0.945  17.1 177.3-119.4 140.1  -19.3   -2.3   -1.7                A         A
   76   76 A A  E     + I   0 317B   5    -29,-0.4   -36,-2.7    -2,-0.4     2,-0.4  -0.736  18.0 145.9-148.7  91.1  -20.2    0.7   -3.9                A         A
   77   77 A L  E     -HI  39 316B   2    239,-2.2   239,-3.3   -38,-0.2     2,-0.3  -0.982  19.4-177.0-127.7 138.8  -21.2    3.9   -2.1                A         A
   78   78 A S  E     -HI  38 315B   0    -40,-2.2   -40,-3.2    -2,-0.4     2,-0.4  -0.989  17.9-152.9-140.8 150.0  -20.4    7.5   -3.3                A         A
   79   79 A A  E     -HI  37 314B   0    235,-2.8   235,-2.8    -2,-0.3     2,-0.3  -0.981  16.6-145.9-119.5 129.4  -20.8   11.2   -2.2                A         A
   80   80 A S  E     + I   0 313B  67    -44,-0.7     2,-0.3    -2,-0.4   233,-0.2  -0.670  20.6 176.3 -86.7 151.5  -21.1   14.0   -4.8                A         A
   81   81 A F  E     -     0   0B  24    231,-2.3   -58,-0.1    -2,-0.3     3,-0.1  -0.883  45.5 -60.5-144.1 172.0  -19.7   17.5   -4.1                A         A
   82   82 A E  E     -     0   0B 163    -60,-0.4   229,-0.1    -2,-0.3     2,-0.1  -0.388  66.3-109.4 -56.0 121.8  -19.2   20.9   -5.9                A         A
   83   83 A P  E     +     0   0B  68      0, 0.0     2,-0.3     0, 0.0   229,-0.2  -0.322  48.8 166.4 -62.8 134.7  -17.1   20.2   -9.0                A         A
   84   84 A F  E     - I   0 311B  22    227,-1.9   227,-2.5    -2,-0.1     2,-0.4  -0.939  28.1-136.3-142.1 160.9  -13.5   21.6   -8.9                A         A
   85   85 A S        -     0   0   31     -2,-0.3   224,-0.1   225,-0.2   225,-0.1  -0.952   8.9-147.6-115.4 143.2  -10.1   21.3  -10.7                A         A
   86   86 A N    >   +     0   0    1    222,-0.4     3,-2.3    -2,-0.4     2,-0.2   0.331  52.0 139.1 -86.7   7.5   -6.7   21.0   -9.0                A         A
   87   87 A K  T 3  S-     0   0  115    221,-0.5    -2,-0.1     1,-0.3     3,-0.1  -0.359  81.7  -0.8 -54.5 118.6   -5.1   22.9  -12.0                A         A
   88   88 A G  T 3  S+     0   0   61     -2,-0.2     2,-0.3     1,-0.2    -1,-0.3   0.495 124.0  80.8  76.7   7.7   -2.6   25.4  -10.5                A         A
   89   89 A Q  S <  S-     0   0   59     -3,-2.3    -1,-0.2    88,-0.1     2,-0.1  -0.966  83.3 -98.2-140.1 154.9   -3.3   24.3   -6.8                A         A
   90   90 A T        -     0   0   25    244,-0.4     2,-0.5    -2,-0.3    87,-0.2  -0.428  30.3-146.6 -65.6 144.1   -2.4   21.5   -4.4                A         A
   91   91 A L  E     -D  176   0A   1     85,-2.8    85,-2.7    -2,-0.1     2,-0.4  -0.985  14.2-172.7-109.6 128.2   -4.9   18.6   -4.0                A         A
   92   92 A V  E     -DE 175 333A   0    241,-2.9   241,-2.2    -2,-0.5     2,-0.5  -0.992   3.1-175.2-121.7 125.3   -5.1   17.1   -0.5                A         A
   93   93 A V  E     +DE 174 332A   3     81,-2.7    81,-2.9    -2,-0.4     2,-0.3  -0.990  13.4 169.6-121.5 119.2   -7.2   13.9    0.0                A         A
   94   94 A Q  E     +DE 173 331A   2    237,-3.0   237,-3.0    -2,-0.5     2,-0.3  -0.981   5.7 147.9-135.9 141.4   -7.5   12.7    3.6                A         A
   95   95 A F  E     -D  172   0A   1     77,-1.8    77,-2.8    -2,-0.3     2,-0.4  -0.967  36.2-117.1-161.5 161.8   -9.6   10.0    5.4                A         A
   96   96 A T  E     -DE 171 328A   4    232,-3.0   232,-1.8    -2,-0.3     2,-0.4  -0.844  22.5-169.6-105.4 144.1   -9.5    7.6    8.3                A         A
   97   97 A V  E     -DE 170 327A   2     73,-2.5    73,-2.8    -2,-0.4     2,-0.4  -0.998   3.3-171.5-132.7 132.3   -9.8    3.8    8.1                A         A
   98   98 A K  E     -DE 169 326A   6    228,-2.5   228,-2.5    -2,-0.4     2,-0.9  -0.975  10.5-165.9-125.0 116.3  -10.2    1.3   10.9                A         A
   99   99 A H    >   +     0   0    7     69,-0.7     3,-1.9    67,-0.5     4,-0.5  -0.462  25.6 159.9 -94.3  60.5   -9.9   -2.4   10.3                A         A
  100  100 A E  T 3   +     0   0   16     -2,-0.9    -1,-0.2   224,-0.5   225,-0.1   0.771  65.7  63.6 -55.5 -30.6  -11.5   -3.4   13.7                A         A
  101  101 A Q  T 3  S-     0   0   23     -3,-0.2    -1,-0.3   221,-0.1     3,-0.1   0.394 114.8-110.5 -74.9   0.8  -12.4   -6.9   12.5                A         A
  102  102 A N    <   -     0   0   98     -3,-1.9    -2,-0.1     1,-0.1     2,-0.1   0.999  44.4-135.1  54.9  71.8   -8.7   -7.9   11.9                A         A
  103  103 A I        -     0   0   14     -4,-0.5     3,-0.1    63,-0.2    -1,-0.1  -0.363  30.3-176.2 -66.1 135.4   -9.1   -7.9    8.1                A         A
  104  104 A D  S    S+     0   0   81      1,-0.3    34,-3.1    -2,-0.1     2,-0.3   0.850  76.8   1.7 -95.7 -47.8   -7.6  -10.8    6.1                A         A
  105  105 A C  E    S+J  137   0B  22     32,-0.3   216,-3.1   217,-0.1   217,-0.5  -0.878  88.9 102.8-146.6 115.5   -8.5   -9.6    2.5                A         A
  106  106 A G  E     -JK 136 320B   2     30,-3.0    30,-2.0    -2,-0.3   214,-0.3  -0.878  56.6-101.9-179.1 157.5  -10.2   -6.3    1.6                A         A
  107  107 A G  E     -J  135   0B   2    212,-2.3    28,-0.2    -2,-0.2   211,-0.1  -0.558  19.1-179.2 -82.2 147.7   -9.7   -2.8    0.2                A         A
  108  108 A G        +     0   0    0     26,-2.9     2,-0.2    -2,-0.2    27,-0.2  -0.101  47.0 117.5-130.0  28.8   -9.7    0.4    2.4                A         A
  109  109 A Y        -     0   0   34     24,-0.3     2,-0.3   208,-0.1    24,-0.3  -0.610  53.5-135.5-100.9 160.0   -9.2    2.9   -0.5                A         A
  110  110 A V  E     -L  132   0B   1     22,-2.9    22,-2.5    -2,-0.2     2,-0.4  -0.821  11.1-146.8-104.0 152.2  -11.2    5.9   -1.9                A         A
  111  111 A K  E     -LM 131 315B   5    204,-2.8   204,-3.0    -2,-0.3     2,-0.5  -0.985   5.7-151.5-114.4 129.8  -11.7    6.7   -5.6                A         A
  112  112 A L  E     -LM 130 314B   2     18,-3.2    17,-2.7    -2,-0.4    18,-1.4  -0.912  22.3-171.3 -96.8 124.5  -12.0   10.3   -6.8                A         A
  113  113 A F  E     - M   0 313B   0    200,-3.1   199,-2.6    -2,-0.5   200,-1.6  -0.767  26.0-102.2-113.3 155.6  -14.2   10.5   -9.9                A         A
  114  114 A P    >   -     0   0   15      0, 0.0     3,-1.6     0, 0.0   197,-0.2  -0.298  42.1-104.4 -62.3 160.8  -15.0   13.3  -12.4                A         A
  115  115 A N  T 3  S+     0   0   82      1,-0.3   196,-0.1   -31,-0.1   -35,-0.0   0.544 114.9  74.7 -65.8  -9.1  -18.4   15.0  -12.0                A         A
  116  116 A S  T 3   +     0   0   95      2,-0.1     2,-0.3   197,-0.1    -1,-0.3   0.445  69.2 116.9 -82.9  -6.3  -19.7   13.0  -15.1                A         A
  117  117 A L    <   -     0   0   30     -3,-1.6     2,-1.0     1,-0.1     5,-0.1  -0.498  65.6-135.4 -65.1 129.9  -19.9    9.8  -13.0                A         A
  118  118 A D    >   -     0   0   95     -2,-0.3     3,-1.8     1,-0.2     4,-0.1  -0.756  14.0-160.1 -78.9 104.0  -23.4    8.2  -12.6                A         A
  119  119 A Q  G >  S+     0   0   23     -2,-1.0     3,-0.8     1,-0.3    -1,-0.2   0.766  88.7  61.2 -56.7 -27.2  -23.4    7.4   -8.9                A         A
  120  120 A T  G 3  S+     0   0   55      1,-0.2   -79,-2.8   -80,-0.2    -1,-0.3   0.626 111.6  37.5 -78.9 -11.2  -26.3    4.9   -9.5                A         A
  121  121 A D  G <  S+     0   0   78     -3,-1.8    -1,-0.2   -81,-0.2    -2,-0.2   0.039  83.4 143.4-124.2  20.3  -24.1    2.8  -11.9                A         A
  122  122 A M    <   +     0   0    0     -3,-0.8   -80,-0.4    -4,-0.1     2,-0.3  -0.419  21.1 142.5 -65.3 135.6  -20.7    3.1  -10.0                A         A
  123  123 A H    >   -     0   0   38     -2,-0.1     3,-1.9   -81,-0.1   194,-0.1  -0.931  62.8 -68.7-158.4 179.7  -18.5   -0.0  -10.1                A         A
  124  124 A G  T 3  S+     0   0   39      1,-0.3   193,-0.1    -2,-0.3    -2,-0.0   0.806 127.5  44.7 -42.5 -47.0  -14.9   -1.5  -10.4                A         A
  125  125 A D  T 3  S+     0   0  151      2,-0.1    -1,-0.3    -3,-0.0     2,-0.2   0.336  81.2 126.1 -91.4   1.7  -14.4   -0.4  -14.0                A         A
  126  126 A S  S <  S-     0   0   13     -3,-1.9     2,-0.8     1,-0.1    -4,-0.0  -0.445  73.8-105.2 -61.5 132.4  -15.9    3.2  -13.6                A         A
  127  127 A E        -     0   0  129     -2,-0.2     2,-0.3   -14,-0.0    -1,-0.1  -0.466  47.1-178.3 -68.1 102.9  -13.3    5.8  -14.8                A         A
  128  128 A Y        -     0   0   12     -2,-0.8   -15,-0.3   -15,-0.2     3,-0.1  -0.714  28.6-145.4 -94.7 155.1  -11.8    7.4  -11.7                A         A
  129  129 A N  S    S+     0   0   17    -17,-2.7    20,-3.0     1,-0.3     2,-0.3   0.915  84.4   7.0 -78.6 -51.8   -9.2   10.2  -11.7                A         A
  130  130 A I  E     -LN 112 148B   1    -18,-1.4   -18,-3.2    18,-0.2     2,-0.4  -0.998  57.1-162.6-137.5 136.3   -7.3    9.0   -8.6                A         A
  131  131 A M  E     +LN 111 147B  16     16,-2.6    16,-2.9    -2,-0.3     2,-0.3  -0.993  23.8 170.7-115.6 128.4   -7.5    5.9   -6.3                A         A
  132  132 A F  E     +LN 110 146B   2    -22,-2.5   -22,-2.9    -2,-0.4    14,-0.2  -0.992  21.0  55.7-142.8 130.7   -5.8    6.2   -2.9                A         A
  133  133 A G  E    S- N   0 145B   0     12,-2.1    12,-2.8    -2,-0.3   -24,-0.3  -0.766  74.3 -33.2 143.7 179.1   -5.6    4.2    0.3                A         A
  134  134 A P  E     - N   0 144B   0      0, 0.0   -26,-2.9     0, 0.0     2,-0.3  -0.302  41.6-173.0 -64.9 145.7   -4.8    0.9    2.1                A         A
  135  135 A D  E     -JN 107 143B  27      8,-2.2     8,-1.9   -28,-0.2     2,-0.4  -0.964   2.9-175.6-142.1 121.8   -5.3   -2.5    0.4                A         A
  136  136 A I  E     +JN 106 142B   2    -30,-2.0   -30,-3.0    -2,-0.3     6,-0.2  -0.970  14.8 157.5-120.3 127.9   -4.8   -5.8    2.4                A         A
  137  137 A C  E  >  -JN 105 141B  54      4,-3.0     4,-1.1     1,-0.6     3,-0.4  -0.674  64.4 -53.1-151.5  98.2   -5.0   -9.3    0.9                A         A
  138  138 A G  T  4 S-     0   0   29    -34,-3.1    -1,-0.6     1,-0.2     3,-0.3  -0.104  91.4 -49.8  65.0-166.1   -3.3  -12.0    2.9                A         A
  139  139 A P  T  4 S+     0   0  134      0, 0.0    -1,-0.2     0, 0.0     3,-0.1   0.683 135.3  56.3 -72.2 -18.1    0.4  -11.8    4.0                A         A
  140  140 A G  T  4 S+     0   0   76     -3,-0.4     2,-0.6     1,-0.2    -2,-0.2   0.717 101.5  53.6 -90.1 -24.4    1.6  -10.9    0.4                A         A
  141  141 A T  E  <  +N  137   0B  51     -4,-1.1    -4,-3.0    -3,-0.3    -1,-0.2  -0.931  55.6 133.4-119.5 103.1   -0.6   -7.7   -0.3                A         A
  142  142 A K  E     +N  136   0B  61     -2,-0.6    21,-1.1    -6,-0.2     2,-0.3  -0.555  38.9 125.0-144.7  70.6   -0.3   -5.0    2.4                A         A
  143  143 A K  E     -NO 135 162B  69     -8,-1.9    -8,-2.2    19,-0.3     2,-0.6  -0.875  61.3-115.1-132.2 160.1    0.2   -1.7    0.5                A         A
  144  144 A V  E     -N  134   0B   2     17,-2.6    17,-0.4    -2,-0.3     2,-0.3  -0.892  34.6-139.2 -92.7 115.7   -1.2    1.8   -0.0                A         A
  145  145 A H  E     +N  133   0B  24    -12,-2.8   -12,-2.1    -2,-0.6     2,-0.3  -0.616  24.2 176.3 -70.1 136.1   -2.6    2.2   -3.6                A         A
  146  146 A V  E     +N  132   0B   1     -2,-0.3    11,-0.9   -14,-0.2     2,-0.5  -0.861  15.7 169.2-137.6  95.4   -1.8    5.5   -5.2                A         A
  147  147 A I  E     -NP 131 156B   9    -16,-2.9   -16,-2.6    -2,-0.3     2,-0.4  -0.967  15.7-165.2-119.7 123.3   -3.2    5.2   -8.8                A         A
  148  148 A F  E     -NP 130 155B   2      7,-1.8     7,-2.9    -2,-0.5     2,-0.6  -0.882  20.3-131.3-106.1 133.2   -3.5    8.0  -11.2                A         A
  149  149 A N  E     + P   0 154B  22    -20,-3.0     2,-0.4    -2,-0.4     5,-0.2  -0.770  36.1 171.2 -76.3 121.5   -5.6    7.9  -14.4                A         A
  150  150 A Y  E >   - P   0 153B  24      3,-2.8     3,-1.5    -2,-0.6   155,-0.0  -0.982  65.1 -15.1-138.2 121.9   -3.3    9.3  -17.2                A         A
  151  151 A K  T 3  S-     0   0  160     -2,-0.4     3,-0.1     1,-0.3    -1,-0.1   0.849 129.3 -51.5  51.9  40.9   -4.2    9.1  -20.9                A         A
  152  152 A G  T 3  S+     0   0   58      1,-0.2     2,-0.4   -25,-0.0    -1,-0.3   0.586 119.2 106.0  76.0  11.9   -7.0    6.6  -20.2                A         A
  153  153 A K  E <   -P  150   0B 156     -3,-1.5    -3,-2.8    -5,-0.0     2,-0.8  -0.986  69.6-131.8-121.0 137.8   -4.7    4.2  -18.2                A         A
  154  154 A N  E     -P  149   0B  68     -2,-0.4     2,-0.5    -5,-0.2    -5,-0.2  -0.773  28.8-160.0 -84.9 105.2   -4.7    3.7  -14.5                A         A
  155  155 A V  E     -P  148   0B  21     -7,-2.9    -7,-1.8    -2,-0.8     2,-0.2  -0.822   5.3-145.0 -95.5 121.6   -0.9    3.9  -13.6                A         A
  156  156 A L  E     -P  147   0B  82     -2,-0.5    45,-0.5    -9,-0.2    -9,-0.2  -0.565  26.3 -98.1 -82.0 150.0    0.2    2.3  -10.3                A         A
  157  157 A I        -     0   0   22    -11,-0.9    43,-0.2    -2,-0.2    -1,-0.1  -0.443  22.2-144.4 -63.4 137.1    2.9    3.8   -8.1                A         A
  158  158 A N  S    S+     0   0   89     41,-3.0     2,-0.3    -2,-0.1    -1,-0.1   0.664  77.2  86.0 -78.0 -19.7    6.3    2.0   -8.6                A         A
  159  159 A K  S    S-     0   0   64     40,-0.5     2,-1.0     1,-0.0    -2,-0.1  -0.626  80.3-127.7 -84.0 142.6    7.1    2.3   -4.8                A         A
  160  160 A D        -     0   0  137     -2,-0.3     2,-0.8   -17,-0.1   -15,-0.1  -0.769  26.7-172.6 -92.6  96.1    5.9   -0.2   -2.2                A         A
  161  161 A I        -     0   0    8     -2,-1.0   -17,-2.6   -17,-0.4     2,-0.3  -0.826  19.6-136.8 -91.3 109.6    4.1    1.9    0.5                A         A
  162  162 A R  B     -O  143   0B 169     -2,-0.8   -19,-0.3   -19,-0.2     2,-0.1  -0.477  17.3-147.3 -68.6 128.7    3.3   -0.5    3.4                A         A
  163  163 A C        -     0   0    4    -21,-1.1     2,-0.3    -2,-0.3   -19,-0.1  -0.369  25.0 -94.4 -84.2 168.9   -0.2    0.0    4.9                A         A
  164  164 A K        -     0   0   82     -2,-0.1    -1,-0.1     1,-0.1     6,-0.1  -0.708  34.3-176.9 -84.5 137.9   -1.3   -0.4    8.5                A         A
  165  165 A D        +     0   0   59     -2,-0.3    -1,-0.1   -23,-0.1     2,-0.1   0.089  45.9 102.4-127.8  15.2   -2.7   -3.9    9.3                A         A
  166  166 A D  S    S-     0   0   60      2,-0.1   -67,-0.5   -64,-0.1   -63,-0.2  -0.263  83.0-103.8 -89.6-179.1   -3.8   -3.6   13.0                A         A
  167  167 A E  S    S+     0   0   59    -67,-0.1     2,-0.1   -69,-0.1   -67,-0.0   0.421  86.4  99.7 -87.0  -2.9   -7.3   -3.0   14.5                A         A
  168  168 A F  S    S-     0   0   36    -69,-0.1   -69,-0.7     1,-0.1     2,-0.4  -0.303  83.4 -90.5 -86.3 165.7   -6.8    0.7   15.2                A         A
  169  169 A T  E     -D   98   0A  17    -71,-0.2     2,-0.4   178,-0.1   -71,-0.3  -0.664  44.3-167.7 -75.2 129.3   -7.9    3.8   13.4                A         A
  170  170 A H  E     -D   97   0A  16    -73,-2.8   -73,-2.5    -2,-0.4     2,-0.5  -0.946  15.2-136.3-121.5 141.1   -5.3    5.1   10.9                A         A
  171  171 A L  E     -D   96   0A   0     -2,-0.4    16,-2.6   -75,-0.2     2,-0.5  -0.837  17.1-166.2 -95.8 125.6   -5.2    8.4    9.0                A         A
  172  172 A Y  E     -DF  95 186A   2    -77,-2.8   -77,-1.8    -2,-0.5     2,-0.4  -0.959   7.9-179.1-114.1 126.6   -4.3    8.3    5.3                A         A
  173  173 A T  E     -DF  94 185A   2     12,-2.7    12,-2.9    -2,-0.5     2,-0.5  -0.988  10.5-168.9-129.1 125.6   -3.3   11.6    3.5                A         A
  174  174 A L  E     -DF  93 184A   0    -81,-2.9   -81,-2.7    -2,-0.4     2,-0.4  -0.965   7.0-170.6-109.3 127.9   -2.4   12.1   -0.2                A         A
  175  175 A I  E     -DF  92 183A   1      8,-2.9     8,-2.4    -2,-0.5     2,-0.4  -0.975   3.5-176.7-117.9 129.1   -0.9   15.5   -1.2                A         A
  176  176 A V  E     -DF  91 182A   0    -85,-2.7   -85,-2.8    -2,-0.4     6,-0.2  -0.989  11.3-160.2-130.7 120.1   -0.4   16.3   -4.9                A         A
  177  177 A R    >   -     0   0   44      4,-2.9     3,-1.2    -2,-0.4     4,-0.3  -0.632  30.2-112.9-106.0 158.4    1.2   19.6   -5.8                A         A
  178  178 A P  T 3  S+     0   0   46      0, 0.0   128,-0.1     0, 0.0   129,-0.1   0.556 111.3  66.8 -64.4 -11.7    1.3   21.8   -9.0                A         A
  179  179 A D  T 3  S-     0   0  108      2,-0.1     3,-0.1   127,-0.1   125,-0.1   0.091 122.2-100.9 -93.3  19.1    5.1   21.1   -9.5                A         A
  180  180 A N  S <  S+     0   0   17     -3,-1.2    16,-3.2     1,-0.3    17,-0.4   0.706  83.7 131.9  59.0  25.7    4.4   17.3  -10.2                A         A
  181  181 A T  E     - G   0 195A  36     -4,-0.3    -4,-2.9    14,-0.3     2,-0.3  -0.746  34.6-171.4 -97.4 154.6    5.4   16.4   -6.6                A         A
  182  182 A Y  E     -FG 176 194A   0     12,-2.3    12,-1.8    -2,-0.3     2,-0.3  -0.940   9.7-164.2-137.0 162.5    3.4   14.2   -4.3                A         A
  183  183 A E  E     -FG 175 193A  16     -8,-2.4    -8,-2.9    -2,-0.3     2,-0.5  -0.977   5.6-157.8-147.0 136.1    3.5   13.1   -0.6                A         A
  184  184 A V  E     -FG 174 192A   0      8,-2.8     7,-2.6    -2,-0.3     8,-1.9  -0.974  14.0-171.6-112.7 125.9    1.8   10.2    1.2                A         A
  185  185 A K  E     -FG 173 190A  22    -12,-2.9   -12,-2.7    -2,-0.5     2,-0.4  -0.928   9.6-167.6-113.1 142.7    1.3   10.5    5.0                A         A
  186  186 A I  E >  S-FG 172 189A   6      3,-2.5     3,-1.9    -2,-0.4   -14,-0.2  -0.998  82.3  -2.8-121.6 131.0    0.1    7.8    7.4                A         A
  187  187 A D  T 3  S-     0   0   26    -16,-2.6    -1,-0.1    -2,-0.4   -15,-0.1   0.892 130.3 -60.5  58.4  41.7   -0.9    8.9   10.9                A         A
  188  188 A N  T 3  S+     0   0   20    -17,-0.3     2,-0.4     1,-0.2    -1,-0.3   0.537 116.8 116.1  56.4  13.5    0.1   12.6   10.1                A         A
  189  189 A S  E <  S-G  186   0A  72     -3,-1.9    -3,-2.5     0, 0.0     2,-0.3  -0.908  74.1-114.7-108.6 131.3    3.7   11.2    9.4                A         A
  190  190 A Q  E     +G  185   0A 120     -2,-0.4    -5,-0.3    -5,-0.2     3,-0.1  -0.484  39.8 165.6 -61.0 123.8    5.3   11.3    6.0                A         A
  191  191 A V  E     +     0   0A  67     -7,-2.6     2,-0.3     1,-0.4    -6,-0.2   0.635  66.2  12.2-110.8 -26.6    5.9    7.7    4.7                A         A
  192  192 A E  E     +G  184   0A  45     -8,-1.9    -8,-2.8   -31,-0.1    -1,-0.4  -0.993  60.4 165.5-151.2 146.9    6.6    8.5    1.0                A         A
  193  193 A S  E     +G  183   0A  43     -2,-0.3     2,-0.3   -10,-0.2   -10,-0.2  -0.975  20.0 106.6-158.2 152.1    7.4   11.5   -1.2                A         A
  194  194 A G  E     -G  182   0A  23    -12,-1.8   -12,-2.3    -2,-0.3     2,-0.3  -0.966  62.0 -48.7 174.5-160.8    8.8   12.2   -4.7                A         A
  195  195 A S  E  >  -G  181   0A  28     -2,-0.3     4,-1.9   -14,-0.2     3,-0.3  -0.830  35.5-133.6-101.4 145.2    7.9   13.3   -8.2                A         A
  196  196 A L  H  > S+     0   0    0    -16,-3.2     4,-0.8    -2,-0.3     6,-0.3   0.851 107.4  54.8 -60.8 -36.2    5.0   11.9  -10.2                A         A
  197  197 A E  H  4 S+     0   0   45    -17,-0.4     6,-0.3     1,-0.2    -1,-0.2   0.796 114.1  37.9 -71.4 -31.6    7.3   11.5  -13.3                A         A
  198  198 A D  H  4 S+     0   0  102     -3,-0.3    -2,-0.2     1,-0.1    -1,-0.2   0.793 117.5  47.5 -89.9 -31.5   10.0    9.4  -11.4                A         A
  199  199 A D  H  < S+     0   0   19     -4,-1.9   -41,-3.0     1,-0.1   -40,-0.5   0.465 114.2  44.3 -96.7  -1.5    7.6    7.3   -9.2                A         A
  200  200 A W  S  < S-     0   0    3     -4,-0.8     2,-1.9   -43,-0.2     3,-0.5  -0.998  80.8-120.6-138.7 149.2    5.1    6.2  -12.0                A         A
  201  201 A D        +     0   0  119    -45,-0.5    -4,-0.1    -2,-0.3    -3,-0.1  -0.312  65.4 130.6 -83.0  55.2    5.5    5.0  -15.6                A         A
  202  202 A F        +     0   0   17     -2,-1.9    -1,-0.2    -6,-0.3    -5,-0.1   0.883  67.6  35.8 -71.9 -41.9    3.5    8.0  -17.1                A         A
  203  203 A L  S    S-     0   0   28     -3,-0.5     3,-0.1    -6,-0.3    96,-0.1  -0.776  93.7 -93.4-113.8 154.8    6.1    8.9  -19.8                A         A
  204  204 A P        -     0   0   57      0, 0.0    -1,-0.1     0, 0.0    96,-0.1  -0.264  64.3 -77.0 -54.6 156.3    8.5    7.0  -22.0                A         A
  205  205 A P        -     0   0   83      0, 0.0    94,-0.1     0, 0.0    93,-0.1  -0.294  34.7-128.7 -61.1 142.4   12.0    6.6  -20.5                A         A
  206  206 A K  S    S+     0   0   95     -3,-0.1    90,-2.4    89,-0.1     2,-0.3   0.811  93.4  33.8 -58.7 -34.1   14.2    9.8  -20.8                A         A
  207  207 A K  E     -Q  295   0C 115     88,-0.3     2,-0.3    90,-0.0    88,-0.2  -0.958  66.2-173.9-127.8 144.5   17.0    7.7  -22.4                A         A
  208  208 A I  E     -Q  294   0C  52     86,-2.5    86,-3.0    -2,-0.3     2,-0.2  -0.900  39.7 -90.3-127.4 157.9   17.1    4.7  -24.7                A         A
  209  209 A K  E     -Q  293   0C 141     -2,-0.3    84,-0.3    84,-0.2    82,-0.0  -0.547  54.6-100.4 -64.6 134.9   19.9    2.5  -26.0                A         A
  210  210 A D    >   -     0   0   35     82,-2.8     3,-1.3    -2,-0.2    -1,-0.1  -0.430  28.7-155.6 -59.5 109.7   21.2    3.9  -29.3                A         A
  211  211 A P  T 3  S+     0   0  101      0, 0.0    -1,-0.2     0, 0.0    -2,-0.0   0.739  93.2  53.4 -63.8 -18.9   19.5    1.7  -32.0                A         A
  212  212 A D  T 3  S+     0   0  152      2,-0.0     2,-0.5     0, 0.0    -2,-0.1   0.557  91.2  91.1 -91.1 -11.9   22.4    2.6  -34.4                A         A
  213  213 A A    <   +     0   0   24     -3,-1.3     2,-0.3    79,-0.2    78,-0.0  -0.740  50.3 175.5 -90.9 129.7   25.2    1.5  -32.0                A         A
  214  214 A S        -     0   0   95     -2,-0.5     3,-0.1    77,-0.0    -2,-0.0  -0.918  44.6 -87.1-122.0 154.5   26.6   -2.1  -32.1                A         A
  215  215 A K        -     0   0   83     -2,-0.3    76,-0.0     1,-0.1     2,-0.0  -0.423  53.4-114.3 -55.4 122.6   29.5   -3.6  -30.2                A         A
  216  216 A P    >   -     0   0   52      0, 0.0     3,-1.6     0, 0.0    -1,-0.1  -0.343  12.4-129.7 -60.9 142.4   32.7   -3.0  -32.3                A         A
  217  217 A E  T 3  S+     0   0  208      1,-0.3    -2,-0.1    -3,-0.1     0, 0.0   0.791 109.6  57.3 -63.7 -26.6   34.4   -6.1  -33.7                A         A
  218  218 A D  T 3  S+     0   0  109      2,-0.1     2,-1.0     1,-0.1    -1,-0.3   0.174  78.9 112.6 -86.9  11.1   37.7   -4.9  -32.2                A         A
  219  219 A W    <   -     0   0   77     -3,-1.6     2,-0.6    66,-0.1    70,-0.1  -0.753  52.3-164.2 -91.6  95.4   36.2   -4.8  -28.7                A         A
  220  220 A D  B     +r  285   0D  25     -2,-1.0    66,-2.4    64,-0.7    67,-0.5  -0.692  17.4 176.3 -84.2 118.4   38.0   -7.5  -26.6                A         A
  221  221 A E        +     0   0   73     -2,-0.6     2,-0.9    64,-0.2    -1,-0.1   0.364  48.1 111.5 -96.9  -0.7   36.2   -8.3  -23.4                A         A
  222  222 A R        -     0   0  152      1,-0.2    60,-0.1    65,-0.1    62,-0.1  -0.693  50.4-166.4 -78.3 110.4   38.6  -11.1  -22.5                A         A
  223  223 A A  S    S+     0   0   49     -2,-0.9    59,-2.2     1,-0.1     2,-0.3   0.777  77.6  35.8 -63.1 -27.7   40.6   -9.9  -19.5                A         A
  224  224 A K  E     -S  281   0E 121     57,-0.3     2,-0.3    -3,-0.1    57,-0.2  -0.976  67.0-176.3-131.5 143.8   43.1  -12.8  -20.2                A         A
  225  225 A I  E     -S  280   0E  34     55,-2.4    55,-2.9    -2,-0.3     2,-0.1  -0.917  40.2 -86.7-130.4 157.0   44.5  -14.4  -23.4                A         A
  226  226 A D  E     -S  279   0E  95     -2,-0.3    53,-0.2    53,-0.2    52,-0.1  -0.445  52.7-106.4 -57.3 131.1   46.8  -17.4  -24.1                A         A
  227  227 A D    >   -     0   0   30     51,-3.0     3,-1.3     1,-0.2    51,-0.2  -0.533  25.6-157.0 -65.3 111.2   50.4  -16.2  -24.1                A         A
  228  228 A P  T 3  S+     0   0  111      0, 0.0    -1,-0.2     0, 0.0    -2,-0.1   0.612  93.0  54.4 -69.4 -12.5   51.4  -16.1  -27.9                A         A
  229  229 A T  T 3  S+     0   0  114      2,-0.0     2,-0.4     0, 0.0    -2,-0.1   0.556  84.4  99.6 -94.5 -11.8   55.1  -16.4  -26.8                A         A
  230  230 A D    <   -     0   0   41     -3,-1.3     2,-0.4    48,-0.2    -4,-0.0  -0.627  56.7-171.5 -77.8 124.1   54.5  -19.6  -24.7                A         A
  231  231 A S        -     0   0   90     -2,-0.4    -2,-0.0    46,-0.0     3,-0.0  -0.959  32.6-101.5-121.7 138.1   55.5  -22.6  -26.8                A         A
  232  232 A K        -     0   0   83     -2,-0.4     5,-0.0     1,-0.1     2,-0.0  -0.416  44.3-119.4 -55.8 116.9   54.9  -26.3  -25.9                A         A
  233  233 A P    >   -     0   0   63      0, 0.0     3,-2.0     0, 0.0     4,-0.4  -0.368  15.4-123.8 -59.4 140.8   58.3  -27.6  -24.5                A         A
  234  234 A E  T 3  S+     0   0  206      1,-0.3     3,-0.4     2,-0.1    -2,-0.1   0.780 112.1  57.6 -56.1 -26.2   59.7  -30.5  -26.6                A         A
  235  235 A D  T 3  S+     0   0   81      1,-0.2    -1,-0.3     3,-0.0     3,-0.1   0.168  84.8  83.8 -89.8  11.1   59.8  -32.6  -23.4                A         A
  236  236 A W    <   +     0   0   60     -3,-2.0     2,-2.1     1,-0.2    36,-0.7   0.869  69.7  76.5 -83.8 -38.4   56.0  -32.2  -22.7                A         A
  237  237 A D        +     0   0  115     -4,-0.4    -1,-0.2    -3,-0.4    34,-0.1  -0.457  61.8 155.5 -79.9  71.4   54.6  -35.0  -24.9                A         A
  238  238 A K        -     0   0   51     -2,-2.1    35,-0.2    32,-0.2    34,-0.1  -0.767  51.6-102.0 -89.4 142.8   55.5  -37.9  -22.7                A         A
  239  239 A P        -     0   0   76      0, 0.0    29,-0.2     0, 0.0    31,-0.2  -0.446  23.6-131.3 -62.4 140.8   53.4  -41.1  -23.1                A         A
  240  240 A E  S    S+     0   0   94      1,-0.1    28,-2.6    27,-0.1     2,-0.4   0.848  94.0  38.3 -61.2 -33.2   50.8  -41.5  -20.3                A         A
  241  241 A H  E     -T  267   0F  93     26,-0.3    26,-0.2    28,-0.0    -1,-0.1  -0.954  68.2-176.9-124.6 135.3   52.0  -45.1  -19.7                A         A
  242  242 A I  E     -T  266   0F  45     24,-2.7    24,-3.1    -2,-0.4     2,-0.1  -0.943  39.2 -93.0-123.2 149.2   55.6  -46.6  -19.8                A         A
  243  243 A P  E     -T  265   0F  84      0, 0.0    22,-0.2     0, 0.0     3,-0.0  -0.407  51.2-103.1 -51.5 132.9   56.8  -50.2  -19.4                A         A
  244  244 A D    >   -     0   0   43     20,-3.0     3,-1.0     1,-0.2    21,-0.0  -0.509  29.0-157.6 -62.4 112.4   57.8  -50.8  -15.8                A         A
  245  245 A P  T 3  S+     0   0  101      0, 0.0    -1,-0.2     0, 0.0     0, 0.0   0.706  91.6  52.3 -69.0 -19.5   61.6  -50.7  -15.8                A         A
  246  246 A D  T 3  S+     0   0  142      2,-0.1     2,-0.3    -3,-0.0    -2,-0.1   0.483  81.8 117.5 -93.9  -5.6   61.8  -52.8  -12.5                A         A
  247  247 A A    <   -     0   0   27     -3,-1.0     2,-0.4    17,-0.2     0, 0.0  -0.447  48.6-161.9 -66.3 125.1   59.6  -55.6  -14.0                A         A
  248  248 A K        -     0   0  185     -2,-0.3     3,-0.1    15,-0.0    -2,-0.1  -0.927  26.9-108.6-106.3 135.9   61.4  -58.9  -14.2                A         A
  249  249 A K        -     0   0   80     -2,-0.4    12,-0.0     1,-0.1     0, 0.0  -0.416  44.7-107.7 -54.1 125.6   60.1  -61.8  -16.4                A         A
  250  250 A P    >   -     0   0   54      0, 0.0     3,-1.5     0, 0.0    -1,-0.1  -0.302  17.6-128.2 -57.6 142.5   58.7  -64.5  -14.1                A         A
  251  251 A E  T 3  S+     0   0  210      1,-0.3    -2,-0.1    -3,-0.1     0, 0.0   0.727 110.2  55.4 -66.2 -21.6   61.0  -67.6  -13.9                A         A
  252  252 A D  T 3  S+     0   0  142      2,-0.1     2,-0.6     0, 0.0    -1,-0.3   0.307  78.5 122.6 -90.9   3.4   57.9  -69.8  -14.7                A         A
  253  253 A W    <   -     0   0   83     -3,-1.5     2,-0.7     1,-0.0     8,-0.1  -0.597  46.7-160.8 -75.3 118.1   57.1  -67.8  -17.9                A         A
  254  254 A D    >>> -     0   0   74     -2,-0.6     4,-3.4     1,-0.1     3,-0.6  -0.846   8.7-162.0-101.1 109.3   57.0  -70.2  -20.9                A         A
  255  255 A E  H 3>5S+     0   0  129     -2,-0.7     4,-0.5     1,-0.2    -1,-0.1   0.749  92.6  55.0 -62.6 -22.8   57.4  -68.3  -24.3                A         A
  256  256 A E  H 345S+     0   0  183      2,-0.1    -1,-0.2     1,-0.1     4,-0.1   0.823 122.5  25.7 -77.9 -32.2   56.0  -71.3  -26.2                A         A
  257  257 A M  H <45S+     0   0  155     -3,-0.6    -2,-0.2     2,-0.1    -1,-0.1   0.825 134.6  30.5 -97.7 -39.4   52.7  -71.4  -24.0                A         A
  258  258 A D  H  <5S-     0   0   92     -4,-3.4    -3,-0.2     1,-0.3    -2,-0.1   0.516 100.0-135.3-104.5 -11.2   52.4  -67.7  -22.8                A         A
  259  259 A G     << -     0   0   31     -5,-0.6     2,-0.3    -4,-0.5    -1,-0.3  -0.312  54.7 -13.9  83.3-171.6   54.0  -65.8  -25.8                A         A
  260  260 A E  S    S-     0   0  181      1,-0.1     2,-0.5    -2,-0.1    -6,-0.0  -0.504  77.0-118.9 -64.5 124.4   56.5  -62.9  -25.8                A         A
  261  261 A W        -     0   0   59     -2,-0.3    -1,-0.1    -8,-0.1   -12,-0.1  -0.584  28.0-165.8 -71.6 122.3   56.6  -61.4  -22.2                A         A
  262  262 A E        -     0   0  163     -2,-0.5     3,-0.1     3,-0.0    -1,-0.0  -0.918  22.0-121.8-104.2 128.7   55.6  -57.7  -22.0                A         A
  263  263 A P        -     0   0   41      0, 0.0   -14,-0.0     0, 0.0   -15,-0.0  -0.373  39.3 -91.3 -61.1 147.1   56.4  -55.8  -18.8                A         A
  264  264 A P        -     0   0   75      0, 0.0   -20,-3.0     0, 0.0     2,-0.4  -0.260  42.6-116.8 -52.4 141.8   53.4  -54.2  -16.9                A         A
  265  265 A V  E     -T  243   0F 100    -22,-0.2     2,-0.3    -3,-0.1   -24,-0.0  -0.738  32.6-166.8 -84.2 130.7   52.6  -50.6  -17.9                A         A
  266  266 A I  E     -T  242   0F  58    -24,-3.1   -24,-2.7    -2,-0.4     2,-0.3  -0.827  34.2 -90.4-111.2 154.4   53.1  -48.0  -15.2                A         A
  267  267 A Q  E     -T  241   0F  99     -2,-0.3   -26,-0.3   -26,-0.2   -27,-0.1  -0.494  47.3-118.1 -60.4 124.1   51.9  -44.4  -15.1                A         A
  268  268 A N    >   -     0   0   10    -28,-2.6     3,-1.9    -2,-0.3    -1,-0.1  -0.552  14.7-151.7 -68.0 117.1   54.7  -42.3  -16.5                A         A
  269  269 A P  T 3  S+     0   0  117      0, 0.0    -1,-0.2     0, 0.0   -29,-0.1   0.710  96.5  59.1 -61.4 -20.4   55.9  -39.9  -13.8                A         A
  270  270 A E  T 3  S+     0   0   99    -31,-0.2     2,-0.5     2,-0.0   -32,-0.2   0.492  75.5 114.8 -86.3  -5.6   57.0  -37.4  -16.6                A         A
  271  271 A Y    <   +     0   0   85     -3,-1.9   -34,-0.1   -31,-0.2   -35,-0.1  -0.561  37.8 177.2 -71.0 116.5   53.4  -37.2  -18.0                A         A
  272  272 A K        -     0   0  109    -36,-0.7    -1,-0.1    -2,-0.5   -35,-0.1   0.285  37.4-124.3-103.3   7.2   52.2  -33.5  -17.6                A         A
  273  273 A G        -     0   0   23    -35,-0.2     2,-0.3   -37,-0.1    -1,-0.3  -0.220  60.8 -16.5  76.3-169.8   48.8  -33.9  -19.3                A         A
  274  274 A E  S    S-     0   0  170      1,-0.1     2,-0.3   -37,-0.1   -37,-0.0  -0.522  75.8-120.7 -67.9 124.5   47.5  -31.7  -22.3                A         A
  275  275 A W        -     0   0   61     -2,-0.3    -1,-0.1   -42,-0.1   -43,-0.1  -0.502  30.7-175.9 -67.3 131.0   49.7  -28.6  -22.6                A         A
  276  276 A K        -     0   0  166     -2,-0.3     3,-0.1     3,-0.0     0, 0.0  -0.996  29.5-113.4-122.1 134.6   47.8  -25.2  -22.3                A         A
  277  277 A P        -     0   0   24      0, 0.0   -46,-0.0     0, 0.0   -45,-0.0  -0.259  42.1 -93.9 -59.4 147.7   49.6  -21.9  -22.9                A         A
  278  278 A R        -     0   0  184    -51,-0.2   -51,-3.0   -52,-0.1     2,-0.6  -0.312  39.8-115.8 -56.6 145.3   50.0  -19.6  -19.9                A         A
  279  279 A Q  E     -S  226   0E 104    -53,-0.2     2,-0.3    -3,-0.1   -53,-0.2  -0.811  34.9-173.2 -87.2 123.6   47.3  -16.9  -19.5                A         A
  280  280 A I  E     -S  225   0E  59    -55,-2.9   -55,-2.4    -2,-0.6     2,-0.2  -0.777  37.2 -91.3-107.4 156.0   48.6  -13.3  -19.8                A         A
  281  281 A D  E     -S  224   0E 124     -2,-0.3   -57,-0.3   -57,-0.2   -58,-0.1  -0.521  48.8-114.6 -63.9 129.4   46.6  -10.1  -19.2                A         A
  282  282 A N    >   -     0   0   11    -59,-2.2     3,-1.7    -2,-0.2    -1,-0.1  -0.601  19.9-158.9 -73.7 113.7   45.1   -9.1  -22.5                A         A
  283  283 A P  T 3  S+     0   0  109      0, 0.0    -1,-0.2     0, 0.0    -2,-0.0   0.753  94.1  54.8 -63.7 -22.0   46.7   -5.8  -23.6                A         A
  284  284 A D  T 3  S+     0   0  109    -62,-0.1   -64,-0.7   -65,-0.0     2,-0.5   0.309  75.3 131.4 -92.3   5.3   43.6   -5.3  -25.9                A         A
  285  285 A Y  B <   +r  220   0D 106     -3,-1.7   -64,-0.2     1,-0.2     3,-0.1  -0.468  27.9 175.5 -64.7 114.4   41.1   -5.7  -23.1                A         A
  286  286 A K        -     0   0   92    -66,-2.4   -65,-0.2    -2,-0.5    -1,-0.2   0.321  44.3-112.5-100.9   7.0   38.6   -2.7  -23.3                A         A
  287  287 A G        -     0   0   18    -67,-0.5    -1,-0.3     2,-0.1     2,-0.3  -0.194  59.6 -33.6  82.4 175.9   36.3   -3.8  -20.5                A         A
  288  288 A T  S    S-     0   0  104      1,-0.1     2,-0.3    -3,-0.1   -68,-0.1  -0.550  73.8-112.2 -65.7 127.6   32.6   -5.0  -20.9                A         A
  289  289 A W        -     0   0   55     -2,-0.3     2,-0.6   -70,-0.1    -1,-0.1  -0.477  28.8-155.3 -66.0 123.8   31.0   -3.1  -23.8                A         A
  290  290 A I        -     0   0  145     -2,-0.3     3,-0.1     3,-0.0    -1,-0.0  -0.912  20.5-122.0-101.7 120.8   28.3   -0.7  -22.5                A         A
  291  291 A H        -     0   0   47     -2,-0.6   -77,-0.0     1,-0.1   -76,-0.0  -0.447  34.6-112.4 -58.3 124.0   25.6    0.1  -25.1                A         A
  292  292 A P        -     0   0   54      0, 0.0   -82,-2.8     0, 0.0     2,-0.4  -0.323  27.2-137.5 -62.4 143.2   25.6    3.9  -25.5                A         A
  293  293 A E  E     -Q  209   0C 131    -84,-0.3     2,-0.3    -3,-0.1   -84,-0.2  -0.885  19.9-171.1-102.1 135.0   22.4    5.7  -24.3                A         A
  294  294 A I  E     -Q  208   0C  59    -86,-3.0   -86,-2.5    -2,-0.4     2,-0.1  -0.815  37.3 -85.4-117.4 159.5   20.8    8.5  -26.4                A         A
  295  295 A D  E     -Q  207   0C 127     -2,-0.3   -88,-0.3   -88,-0.2   -89,-0.1  -0.444  50.4-112.3 -62.1 133.7   17.9   10.9  -25.5                A         A
  296  296 A N    >   -     0   0   17    -90,-2.4     3,-1.6     1,-0.2    -1,-0.1  -0.620  18.3-154.3 -73.9 116.5   14.6    9.3  -26.3                A         A
  297  297 A P  T 3  S+     0   0  107      0, 0.0    -1,-0.2     0, 0.0    -2,-0.0   0.738  96.3  55.6 -63.2 -21.4   12.9   11.1  -29.3                A         A
  298  298 A E  T 3  S+     0   0  148    -93,-0.1     2,-0.5     2,-0.0   -92,-0.1   0.525  84.4 103.9 -85.9 -10.5    9.5    9.9  -27.9                A         A
  299  299 A Y    <   +     0   0   61     -3,-1.6   -96,-0.0   -94,-0.1   -93,-0.0  -0.634  42.5 168.6 -76.0 125.3   10.1   11.5  -24.5                A         A
  300  300 A S        -     0   0   83     -2,-0.5     2,-0.1   -96,-0.1    -2,-0.0  -0.977  33.8-123.6-135.4 121.1    8.2   14.7  -24.0                A         A
  301  301 A P        -     0   0   82      0, 0.0    -2,-0.0     0, 0.0     0, 0.0  -0.417  20.1-155.8 -65.3 138.3    7.9   16.3  -20.5                A         A
  302  302 A D    >   -     0   0   29     -2,-0.1     3,-1.1     1,-0.1  -105,-0.0  -0.911  14.3-175.9-118.8 102.5    4.4   16.9  -19.2                A         A
  303  303 A P  T 3  S+     0   0  102      0, 0.0  -123,-0.2     0, 0.0     3,-0.1   0.435  83.3  61.0 -74.2   0.2    4.0   19.7  -16.6                A         A
  304  304 A S  T >   +     0   0   65      1,-0.1     3,-1.4     2,-0.1  -125,-0.0   0.196  62.6 110.9-115.6  15.3    0.3   18.8  -16.2                A         A
  305  305 A I  T <  S+     0   0    7     -3,-1.1    -1,-0.1     1,-0.3     0, 0.0   0.899  83.0  49.5 -54.7 -43.9    0.5   15.1  -15.1                A         A
  306  306 A Y  T 3  S+     0   0   22     -3,-0.1     2,-0.5  -129,-0.1    -1,-0.3   0.628  95.5  97.4 -64.5 -19.6   -0.9   16.2  -11.6                A         A
  307  307 A A    <   -     0   0   21     -3,-1.4     2,-0.3  -129,-0.1    -3,-0.1  -0.693  50.7-171.1 -98.3 124.8   -3.8   18.2  -13.1                A         A
  308  308 A Y        -     0   0   17     -2,-0.5  -221,-0.5     1,-0.1  -222,-0.4  -0.785  27.0-133.5-108.5 145.9   -7.4   16.9  -13.6                A         A
  309  309 A D  S    S-     0   0  122     -2,-0.3     2,-0.3     1,-0.3    -1,-0.1   0.886  84.2 -18.7 -64.7 -40.8  -10.1   18.7  -15.5                A         A
  310  310 A N        -     0   0   40   -225,-0.1     2,-0.3  -224,-0.0    -1,-0.3  -0.942  48.0-157.0-162.4 150.1  -12.6   18.1  -12.7                A         A
  311  311 A F  E     +I   84   0B   0   -227,-2.5  -227,-1.9    -2,-0.3     3,-0.1  -0.950  28.2 147.9-115.6 144.9  -13.4   16.1   -9.6                A         A
  312  312 A G  E     +     0   0B   2   -199,-2.6  -231,-2.3    -2,-0.3     2,-0.3   0.420  55.4  51.2-153.9  -7.5  -17.0   15.8   -8.4                A         A
  313  313 A V  E     -IM  80 113B   5   -200,-1.6  -200,-3.1  -233,-0.2     2,-0.5  -0.997  52.5-158.3-140.3 134.6  -17.6   12.4   -6.7                A         A
  314  314 A L  E     -IM  79 112B   2   -235,-2.8  -235,-2.8    -2,-0.3     2,-0.4  -0.956  26.0-170.8-102.9 126.4  -15.8   10.5   -3.9                A         A
  315  315 A G  E     -IM  78 111B   0   -204,-3.0  -204,-2.8    -2,-0.5     2,-0.7  -0.957  27.5-152.3-125.2 143.6  -16.6    6.7   -4.1                A         A
  316  316 A L  E     +I   77   0B   0   -239,-3.3  -239,-2.2    -2,-0.4     2,-0.5  -0.934  28.3 164.4-106.1  96.2  -16.0    3.7   -1.9                A         A
  317  317 A D  E     +I   76   0B  10     -2,-0.7     2,-0.3  -208,-0.3  -241,-0.2  -0.948  23.1 146.6-119.1 100.9  -15.8    0.8   -4.4                A         A
  318  318 A L  E     -I   75   0B   2   -243,-2.0  -243,-2.9    -2,-0.5     2,-0.4  -0.939  46.1-136.7-140.1 152.7  -14.2   -2.1   -2.5                A         A
  319  319 A W  E     +I   74   0B  88     -2,-0.3  -212,-2.3  -245,-0.2     2,-0.4  -0.961  26.1 179.2-107.2 134.7  -14.1   -5.9   -2.0                A         A
  320  320 A Q  E     -IK  73 106B   0   -247,-2.0  -247,-1.6    -2,-0.4  -248,-0.4  -0.983  22.4-173.5-136.5 128.7  -14.0   -7.3    1.5                A         A
  321  321 A V  S    S+     0   0   49   -216,-3.1  -249,-1.9    -2,-0.4     2,-0.6   0.955  90.2  35.4 -75.0 -55.5  -13.9  -10.9    2.7                A         A
  322  322 A K  S    S-     0   0   85   -217,-0.5    -1,-0.3  -251,-0.2     3,-0.2  -0.897  86.8-149.9-102.9 116.4  -14.2  -10.0    6.4                A         A
  323  323 A S        +     0   0   17     -2,-0.6  -254,-0.2    -3,-0.2  -252,-0.1  -0.332  58.9  92.2 -80.9 162.6  -16.5   -7.0    7.0                A         A
  324  324 A G        +     0   0    9   -256,-0.4  -224,-0.5     1,-0.3     2,-0.3   0.279  45.2 142.6 130.5  -2.3  -16.2   -4.5    9.9                A         A
  325  325 A T        -     0   0    0     -3,-0.2  -257,-2.2  -226,-0.2     2,-0.4  -0.518  36.4-153.0 -68.4 129.4  -14.0   -1.7    8.3                A         A
  326  326 A I  E     -CE  67  98A   8   -228,-2.5  -228,-2.5    -2,-0.3     2,-0.4  -0.899   7.4-164.6-106.8 130.0  -15.0    1.8    9.4                A         A
  327  327 A F  E     +CE  66  97A   0   -261,-1.9  -261,-2.4    -2,-0.4     2,-0.2  -0.963  24.0 142.0-112.2 134.6  -14.3    4.8    7.2                A         A
  328  328 A D  E     + E   0  96A   7   -232,-1.8  -232,-3.0    -2,-0.4  -302,-0.1  -0.847  36.8  51.2-151.4-179.3  -14.6    8.4    8.6                A         A
  329  329 A N  E     -     0   0A   7     -2,-0.2     2,-0.2  -234,-0.2  -303,-0.2   0.771  61.9-174.3  53.2  41.7  -13.1   12.0    8.6                A         A
  330  330 A F  E     +A   25   0A   0   -305,-1.0  -305,-2.3  -235,-0.1     2,-0.4  -0.480   6.2 174.2 -66.2 130.5  -13.1   12.4    4.8                A         A
  331  331 A L  E     -AE  24  94A   1   -237,-3.0  -237,-3.0    -2,-0.2     2,-0.4  -0.987  18.8-177.4-140.9 128.8  -11.5   15.7    3.8                A         A
  332  332 A I  E     +AE  23  93A   0   -309,-2.8  -310,-2.1    -2,-0.4  -309,-1.7  -0.989  31.1 141.1-121.8 117.9  -10.7   17.1    0.3                A         A
  333  333 A T  E     -AE  21  92A   0   -241,-2.2  -241,-2.9    -2,-0.4  -312,-0.2  -0.839  55.6-128.7-142.6 174.0   -8.9   20.4    0.4                A         A
  334  334 A N  S    S+     0   0   40   -314,-0.9     2,-0.5    -2,-0.2  -244,-0.4   0.334  84.9  85.4-105.9   2.3   -6.1   22.5   -1.3                A         A
  335  335 A D     >  -     0   0   50   -315,-0.2     4,-1.7     1,-0.1     5,-0.1  -0.927  54.8-166.3-117.0 118.5   -4.3   23.3    2.0                A         A
  336  336 A E  H  > S+     0   0   53     -2,-0.5     4,-2.1     2,-0.2    -1,-0.1   0.842  92.4  51.2 -68.8 -35.8   -1.7   20.9    3.6                A         A
  337  337 A A  H  > S+     0   0   63      2,-0.2     4,-2.6     1,-0.2     5,-0.2   0.913 109.5  50.0 -72.2 -40.9   -1.7   22.7    7.0                A         A
  338  338 A Y  H  > S+     0   0   61      2,-0.2     4,-2.8     1,-0.2    -2,-0.2   0.893 111.7  49.4 -60.8 -41.4   -5.5   22.6    7.2                A         A
  339  339 A A  H  X S+     0   0    2     -4,-1.7     4,-2.4     2,-0.2    -2,-0.2   0.922 111.7  47.8 -65.6 -42.5   -5.4   18.9    6.5                A         A
  340  340 A E  H  X S+     0   0   85     -4,-2.1     4,-2.0     2,-0.2    -2,-0.2   0.928 113.9  47.4 -62.8 -45.9   -2.7   18.3    9.1                A         A
  341  341 A E  H  X S+     0   0  111     -4,-2.6     4,-2.3     2,-0.2     3,-0.2   0.962 112.9  48.4 -59.2 -50.5   -4.7   20.3   11.7                A         A
  342  342 A F  H  X S+     0   0    5     -4,-2.8     4,-1.2     1,-0.2    -2,-0.2   0.873 110.4  52.1 -59.5 -38.6   -7.9   18.5   10.8                A         A
  343  343 A G  H  <>S+     0   0    0     -4,-2.4     5,-2.4     2,-0.2    -1,-0.2   0.873 111.4  46.7 -65.0 -36.4   -6.1   15.1   11.1                A         A
  344  344 A N  H  <5S+     0   0   77     -4,-2.0    -2,-0.2    -3,-0.2    -1,-0.2   0.863 112.8  49.3 -72.1 -36.5   -4.8   16.1   14.6                A         A
  345  345 A E  H  <5S+     0   0  127     -4,-2.3    -2,-0.2     3,-0.2    -1,-0.2   0.638 125.3  27.8 -77.3 -18.2   -8.3   17.3   15.7                A         A
  346  346 A T  T >X5S+     0   0    9     -4,-1.2     4,-1.9    -5,-0.2     3,-1.6   0.621 135.6  16.3-102.8 -96.0   -9.9   14.0   14.5                A         A
  347  347 A W  H 3>5S+     0   0   15      1,-0.3     4,-2.6     2,-0.2    -3,-0.2   0.829 123.5  60.7 -49.7 -41.1   -7.7   10.9   14.5                A         A
  348  348 A G  H 34<S+     0   0   21     -5,-2.4     4,-0.3     1,-0.2    -1,-0.3   0.818 110.4  40.9 -60.2 -31.6   -5.2   12.6   16.8                A         A
  349  349 A V  H <> S+     0   0   88     -3,-1.6     4,-0.7    -6,-0.2     3,-0.3   0.861 118.1  47.4 -80.6 -40.5   -7.9   12.9   19.5                A         A
  350  350 A T  H >X S+     0   0   12     -4,-1.9     4,-2.9     1,-0.2     3,-0.5   0.923  96.4  69.1 -68.8 -47.2   -9.5    9.4   18.9                A         A
  351  351 A K  H 3X S+     0   0   86     -4,-2.6     4,-2.0     1,-0.2    -1,-0.2   0.722  99.2  47.0 -54.1 -36.1   -6.3    7.2   18.9                A         A
  352  352 A A  H 3> S+     0   0   69     -4,-0.3     4,-1.8    -3,-0.3    -1,-0.2   0.920 118.0  40.1 -75.3 -43.7   -5.4    7.5   22.6                A         A
  353  353 A A  H <X S+     0   0   36     -4,-0.7     4,-2.3    -3,-0.5    -2,-0.2   0.908 115.4  53.3 -72.2 -38.9   -8.9    6.9   24.0                A         A
  354  354 A E  H  X S+     0   0    2     -4,-2.9     4,-2.7     2,-0.2    -2,-0.2   0.949 110.5  47.0 -56.3 -52.2   -9.5    4.1   21.3                A         A
  355  355 A K  H  X S+     0   0   83     -4,-2.0     4,-2.8    -5,-0.2    -1,-0.2   0.895 112.0  50.8 -59.0 -42.2   -6.3    2.4   22.4                A         A
  356  356 A Q  H  X S+     0   0  117     -4,-1.8     4,-1.4     2,-0.2    -1,-0.2   0.861 111.7  46.8 -64.7 -39.8   -7.2    2.7   26.1                A         A
  357  357 A M  H  X S+     0   0   56     -4,-2.3     4,-2.1  -300,-0.2    -2,-0.2   0.931 114.4  47.8 -67.4 -43.8  -10.7    1.2   25.5                A         A
  358  358 A K  H  X S+     0   0   13     -4,-2.7     4,-3.1     2,-0.2     5,-0.3   0.936 108.6  53.4 -61.7 -46.6   -9.2   -1.7   23.4                A         A
  359  359 A D  H  X S+     0   0   68     -4,-2.8     4,-1.9     1,-0.2    -1,-0.2   0.858 110.9  47.6 -59.9 -36.6   -6.5   -2.4   26.0                A         A
  360  360 A K  H  X S+     0   0  117     -4,-1.4     4,-2.5     2,-0.2    -1,-0.2   0.907 113.5  46.9 -67.8 -44.0   -9.3   -2.7   28.7                A         A
  361  361 A Q  H  X S+     0   0   61     -4,-2.1     4,-2.4     2,-0.2    -2,-0.2   0.915 112.9  49.3 -64.2 -42.2  -11.4   -5.0   26.4                A         A
  362  362 A D  H  X S+     0   0   61     -4,-3.1     4,-2.6     2,-0.2    -2,-0.2   0.876 112.5  48.4 -64.9 -39.3   -8.4   -7.2   25.5                A         A
  363  363 A E  H  X S+     0   0  105     -4,-1.9     4,-2.3    -5,-0.3    -2,-0.2   0.934 113.1  46.9 -65.9 -45.2   -7.5   -7.5   29.3                A         A
  364  364 A E  H  X S+     0   0  112     -4,-2.5     4,-1.6     2,-0.2    -2,-0.2   0.867 114.0  48.7 -62.8 -38.6  -11.2   -8.4   30.2                A         A
  365  365 A Q  H  X S+     0   0  104     -4,-2.4     4,-2.7     2,-0.2     5,-0.2   0.948 110.3  50.5 -67.0 -46.7  -11.2  -10.9   27.3                A         A
  366  366 A R  H  X S+     0   0  125     -4,-2.6     4,-2.6     1,-0.2    -2,-0.2   0.900 110.0  50.5 -57.1 -44.6   -7.9  -12.5   28.4                A         A
  367  367 A L  H  X S+     0   0   91     -4,-2.3     4,-1.6     2,-0.2    -1,-0.2   0.859 111.7  48.0 -64.1 -36.2   -9.2  -12.8   32.0                A         A
  368  368 A K  H  X S+     0   0  123     -4,-1.6     4,-2.5     2,-0.2    -2,-0.2   0.924 112.1  48.6 -67.8 -44.7  -12.4  -14.6   30.7                A         A
  369  369 A E  H  X S+     0   0   93     -4,-2.7     4,-2.9     1,-0.2     5,-0.2   0.906 111.3  50.6 -62.0 -41.3  -10.3  -16.9   28.4                A         A
  370  370 A E  H  X S+     0   0  108     -4,-2.6     4,-1.5    -5,-0.2    -1,-0.2   0.866 112.2  47.3 -62.9 -38.0   -8.0  -17.7   31.4                A         A
  371  371 A E  H  X S+     0   0  109     -4,-1.6     4,-2.2     2,-0.2    -2,-0.2   0.899 113.9  47.0 -69.6 -41.3  -11.2  -18.5   33.6                A         A
  372  372 A E  H  X S+     0   0  128     -4,-2.5     4,-2.8     2,-0.2    -2,-0.2   0.921 112.1  49.9 -66.2 -43.4  -12.7  -20.7   30.8                A         A
  373  373 A D  H  X S+     0   0   69     -4,-2.9     4,-1.9     2,-0.2    -1,-0.2   0.853 110.9  50.7 -62.4 -36.6   -9.3  -22.5   30.3                A         A
  374  374 A K  H  X S+     0   0  127     -4,-1.5     4,-2.1    -5,-0.2    -2,-0.2   0.926 111.3  47.1 -67.0 -44.2   -9.2  -23.1   34.1                A         A
  375  375 A K  H  X S+     0   0   99     -4,-2.2     4,-2.3     2,-0.2    -2,-0.2   0.924 110.3  52.8 -62.3 -43.8  -12.8  -24.5   34.1                A         A
  376  376 A R  H  X S+     0   0  118     -4,-2.8     4,-2.7     1,-0.2    -1,-0.2   0.888 111.6  46.5 -59.2 -41.2  -12.0  -26.8   31.1                A         A
  377  377 A K  H  X S+     0   0  121     -4,-1.9     4,-2.5     2,-0.2    -1,-0.2   0.860 111.2  50.7 -67.6 -39.1   -9.0  -28.1   33.0                A         A
  378  378 A E  H  < S+     0   0  100     -4,-2.1     4,-0.4     2,-0.2    -2,-0.2   0.837 113.5  46.7 -66.5 -33.5  -11.1  -28.6   36.2                A         A
  379  379 A E  H >X S+     0   0  127     -4,-2.3     4,-2.6     2,-0.2     3,-1.0   0.939 112.7  48.4 -70.3 -47.9  -13.7  -30.5   34.0                A         A
  380  380 A E  H 3X S+     0   0   99     -4,-2.7     4,-2.6     1,-0.3    -2,-0.2   0.916 111.8  50.5 -58.1 -43.1  -10.9  -32.7   32.3                A         A
  381  381 A E  H 3< S+     0   0  115     -4,-2.5     4,-0.4     2,-0.2    -1,-0.3   0.615 111.5  48.8 -69.8 -18.2   -9.4  -33.4   35.8                A         A
  382  382 A A  H <> S+     0   0   46     -3,-1.0     4,-2.0    -4,-0.4     3,-0.2   0.859 111.2  48.0 -85.4 -42.7  -12.9  -34.5   37.0                A         A
  383  383 A E  H  X S+     0   0  131     -4,-2.6     4,-2.6     1,-0.2     5,-0.2   0.928 109.9  53.5 -60.2 -44.5  -13.5  -36.8   33.9                A         A
  384  384 A D  H  X S+     0   0  102     -4,-2.6     4,-0.7     1,-0.2    -1,-0.2   0.802 110.3  48.1 -61.4 -31.3  -10.0  -38.4   34.4                A         A
  385  385 A K  H  > S+     0   0  123     -4,-0.4     4,-2.5    -3,-0.2    -1,-0.2   0.862 110.4  49.2 -78.6 -38.0  -11.0  -39.2   38.1                A         A
  386  386 A E  H  X S+     0   0  131     -4,-2.0     4,-2.6     1,-0.2    -2,-0.2   0.927 111.5  51.2 -63.8 -41.2  -14.4  -40.7   37.2                A         A
  387  387 A D  H  X S+     0   0   95     -4,-2.6     4,-0.7     2,-0.2    -1,-0.2   0.720 112.7  45.7 -66.1 -28.1  -12.5  -42.8   34.6                A         A
  388  388 A D  H  X S+     0   0   90     -4,-0.7     4,-2.1    -5,-0.2    -2,-0.2   0.861 111.6  50.8 -82.5 -37.4  -10.0  -44.0   37.2                A         A
  389  389 A E  H  X S+     0   0  129     -4,-2.5     4,-2.4     1,-0.2    -2,-0.2   0.911 109.6  51.7 -63.0 -39.9  -12.7  -44.7   39.9                A         A
  390  390 A D  H  X S+     0   0   98     -4,-2.6     4,-1.7     1,-0.2    -1,-0.2   0.832 110.9  48.3 -65.7 -32.4  -14.6  -46.8   37.2                A         A
  391  391 A K  H  X S+     0   0  106     -4,-0.7     4,-1.7     2,-0.2    -2,-0.2   0.874 110.7  49.9 -73.8 -38.1  -11.3  -48.8   36.5                A         A
  392  392 A D  H  X S+     0   0   99     -4,-2.1     4,-2.4     2,-0.2    -2,-0.2   0.883 111.3  49.3 -68.1 -37.7  -10.7  -49.3   40.3                A         A
  393  393 A E  H  X S+     0   0  136     -4,-2.4     4,-1.9     2,-0.2    -2,-0.2   0.899 111.3  49.6 -66.0 -38.9  -14.4  -50.6   40.6                A         A
  394  394 A D  H  X S+     0   0  115     -4,-1.7     4,-0.5     2,-0.2    -2,-0.2   0.825 112.4  48.1 -68.1 -32.4  -13.8  -53.0   37.6                A         A
  395  395 A E  H >X S+     0   0  133     -4,-1.7     4,-2.4     2,-0.2     3,-0.6   0.901 111.1  49.2 -74.8 -39.9  -10.5  -54.3   39.2                A         A
  396  396 A E  H 3X S+     0   0  140     -4,-2.4     4,-2.3     1,-0.2    -2,-0.2   0.896 109.7  53.0 -64.9 -36.1  -12.2  -54.9   42.7                A         A
  397  397 A D  H 3< S+     0   0   96     -4,-1.9    -1,-0.2     2,-0.2    -2,-0.2   0.665 111.2  46.7 -72.8 -19.6  -15.1  -56.8   40.9                A         A
  398  398 A E  H XX S+     0   0  133     -3,-0.6     4,-0.9    -4,-0.5     3,-0.7   0.843 111.9  49.4 -85.7 -39.7  -12.4  -59.0   39.1                A         A
  399  399 A E  H >X S+     0   0  142     -4,-2.4     4,-1.5     1,-0.2     3,-0.8   0.920 108.1  54.0 -66.4 -38.2  -10.5  -59.7   42.4                A         A
  400  400 A D  H 3< S+     0   0  120     -4,-2.3    -1,-0.2     1,-0.2     4,-0.2   0.662 108.5  51.5 -69.9 -13.9  -13.7  -60.6   44.2                A         A
  401  401 A K  H <4 S+     0   0  136     -3,-0.7    -1,-0.2    -5,-0.2    -2,-0.2   0.659 108.9  49.5 -92.9 -17.0  -14.4  -63.2   41.4                A         A
  402  402 A E  H X< S+     0   0  161     -4,-0.9     3,-0.8    -3,-0.8    -2,-0.2   0.708 101.3  61.9 -92.7 -19.7  -10.9  -64.8   41.7                A         A
  403  403 A E  T 3< S+     0   0  170     -4,-1.5     3,-0.3     1,-0.2    -1,-0.1   0.586  92.5  65.3 -84.1  -4.5  -11.0  -65.4   45.6                A         A
  404  404 A D  T 3  S+     0   0  153      1,-0.2    -1,-0.2    -4,-0.2    -2,-0.1   0.341  87.9  72.0 -98.2   8.9  -14.1  -67.7   45.6                A         A
  405  405 A E  S <  S+     0   0  176     -3,-0.8     2,-0.4     2,-0.0    -1,-0.2  -0.175  72.4  92.5-121.7  45.9  -12.3  -70.6   43.6                A         A
  406  406 A E        +     0   0  185     -3,-0.3    -4,-0.0     1,-0.1    -3,-0.0  -0.981  65.4  35.5-135.6 137.3   -9.8  -72.2   46.0                A         A
  407  407 A E        +     0   0  190     -2,-0.4    -1,-0.1     2,-0.0    -2,-0.0   0.906  67.0  92.3  88.9  71.1  -10.2  -75.3   48.4                A         A
  408  408 A D        +     0   0  160     -3,-0.1    -2,-0.0     1,-0.0     0, 0.0  -0.203  51.9 104.2-155.4  82.6  -12.2  -78.3   47.8                A         A
  409  409 A V        -     0   0  139      0, 0.0     2,-0.6     0, 0.0    -1,-0.0  -0.807  35.5-178.3-140.2 113.8  -10.2  -81.2   46.2                A         A
  410  410 A P        +     0   0  123      0, 0.0     0, 0.0     0, 0.0     0, 0.0  -0.908  32.7 114.1 -96.2 126.0   -8.9  -84.3   48.2                A         A
  411  411 A G        -     0   0   65     -2,-0.6     0, 0.0     0, 0.0     0, 0.0   0.274  52.1 -84.4 159.3  90.9   -6.8  -86.8   46.2                A         A
  412  412 A Q        -     0   0  197      1,-0.0     0, 0.0     0, 0.0     0, 0.0   0.728  25.5-119.8  49.6  92.2   -3.4  -88.2   45.9                A         A
  413  413 A A        +     0   0   91      0, 0.0    -1,-0.0     0, 0.0     0, 0.0   0.419  30.7 147.7  26.0 140.1   -0.1  -87.7   44.5                A         A
  414  414 A K        +     0   0  183      0, 0.0     0, 0.0     0, 0.0     0, 0.0   0.532  18.0  41.3 103.2 130.0    2.3  -89.5   42.1                A         A
  415  415 A D        -     0   0  128      0, 0.0     0, 0.0     0, 0.0     0, 0.0   0.682  48.8 -31.7-163.8 152.0    4.6  -89.6   39.8                A         A
  416  416 A E              0   0  181      0, 0.0     0, 0.0     0, 0.0     0, 0.0   0.952 360.0 360.0  62.6 116.9    8.0  -88.5   38.2                A         A
  417  417 A L              0   0  241      0, 0.0     0, 0.0     0, 0.0     0, 0.0   0.591 360.0 360.0-154.5 360.0   10.4  -86.4   37.5                A         A
