==== Secondary Structure Definition by the program DSSP, CMBI version 3.0.10                          ==== DATE=2022-11-17     .
REFERENCE W. KABSCH AND C.SANDER, BIOPOLYMERS 22 (1983) 2577-2637                                                              .
HEADER                                            01-JUL-21                                                                    .
COMPND    MOL_ID: 1; MOLECULE: CORE-BINDING FACTOR SUBUNIT BETA; CHAIN: A                                                      .
SOURCE    MOL_ID: 1; ORGANISM_SCIENTIFIC: HOMO SAPIENS; ORGANISM_TAXID: 9606                                                   .
AUTHOR                                                                                                                         .
  182  1  0  0  0 TOTAL NUMBER OF RESIDUES, NUMBER OF CHAINS, NUMBER OF SS-BRIDGES(TOTAL,INTRACHAIN,INTERCHAIN)                .
 13566.1   ACCESSIBLE SURFACE OF PROTEIN (ANGSTROM**2)                                                                         .
  134 73.6   TOTAL NUMBER OF HYDROGEN BONDS OF TYPE O(I)-->H-N(J)  , SAME NUMBER PER 100 RESIDUES                              .
    0  0.0   TOTAL NUMBER OF HYDROGEN BONDS IN     PARALLEL BRIDGES, SAME NUMBER PER 100 RESIDUES                              .
   37 20.3   TOTAL NUMBER OF HYDROGEN BONDS IN ANTIPARALLEL BRIDGES, SAME NUMBER PER 100 RESIDUES                              .
    2  1.1   TOTAL NUMBER OF HYDROGEN BONDS OF TYPE O(I)-->H-N(I-5), SAME NUMBER PER 100 RESIDUES                              .
    0  0.0   TOTAL NUMBER OF HYDROGEN BONDS OF TYPE O(I)-->H-N(I-4), SAME NUMBER PER 100 RESIDUES                              .
    1  0.5   TOTAL NUMBER OF HYDROGEN BONDS OF TYPE O(I)-->H-N(I-3), SAME NUMBER PER 100 RESIDUES                              .
    0  0.0   TOTAL NUMBER OF HYDROGEN BONDS OF TYPE O(I)-->H-N(I-2), SAME NUMBER PER 100 RESIDUES                              .
    0  0.0   TOTAL NUMBER OF HYDROGEN BONDS OF TYPE O(I)-->H-N(I-1), SAME NUMBER PER 100 RESIDUES                              .
    0  0.0   TOTAL NUMBER OF HYDROGEN BONDS OF TYPE O(I)-->H-N(I+0), SAME NUMBER PER 100 RESIDUES                              .
    0  0.0   TOTAL NUMBER OF HYDROGEN BONDS OF TYPE O(I)-->H-N(I+1), SAME NUMBER PER 100 RESIDUES                              .
   12  6.6   TOTAL NUMBER OF HYDROGEN BONDS OF TYPE O(I)-->H-N(I+2), SAME NUMBER PER 100 RESIDUES                              .
   10  5.5   TOTAL NUMBER OF HYDROGEN BONDS OF TYPE O(I)-->H-N(I+3), SAME NUMBER PER 100 RESIDUES                              .
   71 39.0   TOTAL NUMBER OF HYDROGEN BONDS OF TYPE O(I)-->H-N(I+4), SAME NUMBER PER 100 RESIDUES                              .
    1  0.5   TOTAL NUMBER OF HYDROGEN BONDS OF TYPE O(I)-->H-N(I+5), SAME NUMBER PER 100 RESIDUES                              .
  1  2  3  4  5  6  7  8  9 10 11 12 13 14 15 16 17 18 19 20 21 22 23 24 25 26 27 28 29 30     *** HISTOGRAMS OF ***           .
  0  0  0  0  0  1  1  0  0  0  0  0  0  1  0  0  0  0  0  0  0  0  0  0  0  0  0  0  0  1    RESIDUES PER ALPHA HELIX         .
  0  0  0  0  0  0  0  0  0  0  0  0  0  0  0  0  0  0  0  0  0  0  0  0  0  0  0  0  0  0    PARALLEL BRIDGES PER LADDER      .
  0  1  1  1  1  0  1  0  0  1  0  0  0  0  0  0  0  0  0  0  0  0  0  0  0  0  0  0  0  0    ANTIPARALLEL BRIDGES PER LADDER  .
  0  0  0  0  0  1  0  0  0  0  0  0  0  0  0  0  0  0  0  0  0  0  0  0  0  0  0  0  0  0    LADDERS PER SHEET                .
  #  RESIDUE AA STRUCTURE BP1 BP2  ACC     N-H-->O    O-->H-N    N-H-->O    O-->H-N    TCO  KAPPA ALPHA  PHI   PSI    X-CA   Y-CA   Z-CA            CHAIN AUTHCHAIN
    1    1 A M              0   0  229      0, 0.0     2,-0.1     0, 0.0   141,-0.0   0.000 360.0 360.0 360.0 136.7  -18.2   -1.3    8.2                A         A
    2    2 A P        -     0   0   76      0, 0.0   134,-0.1     0, 0.0   137,-0.0  -0.397 360.0-152.9 -60.5 133.8  -15.0   -2.5   10.0                A         A
    3    3 A R  S    S+     0   0  180    132,-0.2     2,-0.3    -2,-0.1   102,-0.2   0.724  77.4  51.8 -77.6 -23.2  -11.9   -1.5    8.0                A         A
    4    4 A V  S    S-     0   0   10    131,-0.2   102,-0.2   132,-0.1   101,-0.1  -0.767  78.0-126.7-117.2 153.8   -9.9   -4.4    9.5                A         A
    5    5 A V        -     0   0   39    100,-2.4     3,-0.5    -2,-0.3     6,-0.1  -0.666  37.0 -95.5 -88.8 155.5  -10.4   -8.2    9.8                A         A
    6    6 A P  S    S+     0   0  109      0, 0.0     5,-0.2     0, 0.0    -1,-0.1  -0.369 107.1  17.9 -60.2 150.9  -10.2  -10.2   13.1                A         A
    7    7 A D  S  > S+     0   0  104      1,-0.1     4,-2.1     3,-0.1     5,-0.2   0.914  71.2 176.9  50.0  53.1   -6.8  -11.8   13.8                A         A
    8    8 A Q  H  > S+     0   0    8     -3,-0.5     4,-2.6     1,-0.2     5,-0.2   0.834  75.0  58.5 -54.8 -35.1   -4.9   -9.6   11.3                A         A
    9    9 A R  H  > S+     0   0   93      2,-0.2     4,-2.5     1,-0.2     5,-0.2   0.955 106.0  46.4 -62.0 -52.1   -1.6  -11.3   12.4                A         A
   10   10 A S  H  > S+     0   0   43      1,-0.2     4,-2.4     2,-0.2     5,-0.4   0.905 113.4  50.4 -59.2 -40.7   -2.8  -14.8   11.4                A         A
   11   11 A K  H  X S+     0   0   61     -4,-2.1     4,-2.1     1,-0.2     7,-0.3   0.937 112.1  46.8 -62.0 -46.0   -4.1  -13.4    8.1                A         A
   12   12 A F  H  < S+     0   0   23     -4,-2.6    -2,-0.2     1,-0.2    -1,-0.2   0.882 118.3  41.6 -61.5 -40.8   -0.7  -11.7    7.4                A         A
   13   13 A E  H  < S+     0   0   92     -4,-2.5    -2,-0.2    -5,-0.2    -1,-0.2   0.822 124.5  32.8 -79.5 -32.5    1.3  -14.8    8.3                A         A
   14   14 A N  H  < S+     0   0  109     -4,-2.4     2,-0.4    -5,-0.2    -3,-0.2   0.739  91.3  95.3-102.5 -27.4   -0.8  -17.5    6.6                A         A
   15   15 A E     X  -     0   0   62     -4,-2.1     4,-2.5    -5,-0.4     3,-0.2  -0.519  68.2-141.1 -74.2 127.2   -2.4  -15.8    3.5                A         A
   16   16 A E  H  > S+     0   0  127     -2,-0.4     4,-1.7     1,-0.2     5,-0.2   0.843 100.0  60.1 -56.4 -35.4   -0.3  -16.6    0.4                A         A
   17   17 A F  H  > S+     0   0   53      2,-0.2     4,-1.9     1,-0.2     3,-0.3   0.958 110.6  38.3 -56.9 -54.2   -0.9  -13.0   -0.8                A         A
   18   18 A F  H  > S+     0   0    0     -7,-0.3     4,-2.1    -3,-0.2   107,-0.2   0.916 112.7  57.3 -68.3 -40.0    0.8  -11.4    2.2                A         A
   19   19 A R  H  < S+     0   0  128     -4,-2.5     4,-0.3     1,-0.2    -1,-0.2   0.782 109.8  45.9 -59.8 -33.0    3.6  -14.1    2.4                A         A
   20   20 A K  H >< S+     0   0   97     -4,-1.7     3,-0.9    -3,-0.3    -1,-0.2   0.927 115.9  44.3 -71.6 -47.7    4.6  -13.2   -1.2                A         A
   21   21 A L  H 3< S+     0   0    1     -4,-1.9   104,-2.0     1,-0.2    -2,-0.2   0.638 102.2  66.8 -75.9 -17.4    4.5   -9.4   -0.6                A         A
   22   22 A S  T 3< S+     0   0   46     -4,-2.1     2,-0.3   102,-0.3    -1,-0.2   0.642  88.7  82.0 -77.3 -15.3    6.4   -9.6    2.8                A         A
   23   23 A R  S <  S-     0   0  164     -3,-0.9     2,-0.2    -4,-0.3   100,-0.1  -0.687 103.3 -94.6 -82.9 143.4    9.5  -10.8    0.9                A         A
   24   24 A E        +     0   0  134     -2,-0.3     2,-0.3   100,-0.1   100,-0.2  -0.432  60.3 176.6 -57.3 118.5   11.7   -8.2   -0.7                A         A
   25   25 A C  E     -A  123   0A  24     98,-2.6    98,-2.3    -2,-0.2     2,-0.2  -0.944  36.7 -91.7-130.4 151.9   10.3   -8.1   -4.3                A         A
   26   26 A E  E     -A  122   0A  78     -2,-0.3    32,-2.5    96,-0.2    33,-0.6  -0.429  47.1-173.2 -63.1 131.2   11.0   -6.1   -7.4                A         A
   27   27 A I  E     -AB 121  57A   0     94,-2.4    94,-1.9    30,-0.2     2,-0.4  -0.913   8.9-160.0-126.6 153.0    8.7   -3.0   -7.6                A         A
   28   28 A K  E     -AB 120  56A  90     28,-2.3    28,-2.2    -2,-0.3     2,-0.3  -0.997  26.4-112.7-132.7 142.6    8.0   -0.4  -10.4                A         A
   29   29 A Y  E     - B   0  55A   9     90,-2.6    26,-0.3    -2,-0.4    15,-0.0  -0.546  29.8-172.8 -67.8 131.6    6.6    3.1  -10.4                A         A
   30   30 A T    >   +     0   0   13     24,-2.5     3,-0.6    -2,-0.3    25,-0.2   0.457  39.6 117.1-114.7  -2.1    3.3    2.9  -12.4                A         A
   31   31 A G  T 3  S+     0   0    5     23,-0.8     4,-0.1     1,-0.2    13,-0.1  -0.359  82.3   1.0 -68.4 145.8    2.2    6.5  -12.7                A         A
   32   32 A F  T >   +     0   0   94      1,-0.1     3,-2.1     2,-0.1    -1,-0.2   0.815  67.8 167.4  50.2  44.3    1.9    8.2  -16.1                A         A
   33   33 A R  T <  S+     0   0  161     -3,-0.6    -1,-0.1     1,-0.3    -2,-0.1   0.690  73.5  64.1 -60.7 -19.9    2.9    5.1  -18.2                A         A
   34   34 A D  T 3  S+     0   0  119      2,-0.1    -1,-0.3     0, 0.0    -2,-0.1   0.509  93.6  84.5 -74.1 -12.2    1.6    7.0  -21.4                A         A
   35   35 A R  S <  S-     0   0  115     -3,-2.1     5,-0.1     1,-0.1     0, 0.0  -0.615  90.4 -90.5 -98.6 155.3    4.5    9.6  -20.9                A         A
   36   36 A P     >  -     0   0   85      0, 0.0     4,-2.2     0, 0.0     3,-0.2  -0.211  42.2-110.1 -56.2 151.6    8.1    9.7  -21.9                A         A
   37   37 A H  H  > S+     0   0   87      1,-0.2     4,-2.1     2,-0.2     5,-0.1   0.886 116.7  50.8 -57.0 -44.7   10.6    8.2  -19.4                A         A
   38   38 A E  H  > S+     0   0  157      2,-0.2     4,-2.2     1,-0.2    -1,-0.2   0.900 110.2  49.9 -61.6 -40.7   12.2   11.6  -18.5                A         A
   39   39 A E  H  > S+     0   0   60      1,-0.2     4,-2.5     2,-0.2    -1,-0.2   0.917 109.7  52.0 -64.6 -39.7    8.7   13.2  -17.8                A         A
   40   40 A R  H  X S+     0   0   42     -4,-2.2     4,-2.7     2,-0.2    -2,-0.2   0.888 107.5  52.6 -63.8 -38.4    7.9   10.1  -15.6                A         A
   41   41 A Q  H  X S+     0   0   43     -4,-2.1     4,-2.4     2,-0.2    -2,-0.2   0.949 111.7  44.9 -60.5 -50.3   11.1   10.7  -13.6                A         A
   42   42 A A  H  X S+     0   0   49     -4,-2.2     4,-2.0     1,-0.2    -2,-0.2   0.911 115.3  48.5 -61.5 -42.6   10.2   14.3  -12.9                A         A
   43   43 A R  H  X S+     0   0   91     -4,-2.5     4,-2.9     2,-0.2    -2,-0.2   0.909 110.4  50.6 -65.0 -42.8    6.6   13.4  -12.0                A         A
   44   44 A F  H  X S+     0   0    0     -4,-2.7     4,-2.6     2,-0.2    -2,-0.2   0.934 110.0  50.0 -62.3 -44.9    7.7   10.6   -9.7                A         A
   45   45 A Q  H  X S+     0   0   64     -4,-2.4     4,-1.5     2,-0.2    -1,-0.2   0.900 114.0  45.4 -59.5 -41.9   10.1   12.9   -7.8                A         A
   46   46 A N  H  X S+     0   0   78     -4,-2.0     4,-2.4     2,-0.2    -2,-0.2   0.929 110.3  54.0 -66.8 -41.2    7.3   15.5   -7.5                A         A
   47   47 A A  H  X>S+     0   0   18     -4,-2.9     5,-2.3     1,-0.2     4,-0.6   0.901 106.4  52.5 -60.8 -40.3    4.9   12.7   -6.4                A         A
   48   48 A C  H ><5S+     0   0    1     -4,-2.6     3,-0.5     1,-0.2    -1,-0.2   0.896 112.2  45.6 -60.1 -40.1    7.4   11.7   -3.6                A         A
   49   49 A R  H 3<5S+     0   0  127     -4,-1.5    -2,-0.2     1,-0.2    -1,-0.2   0.834 110.1  53.7 -72.0 -32.7    7.4   15.4   -2.5                A         A
   50   50 A D  H 3<5S-     0   0  101     -4,-2.4    -1,-0.2     2,-0.2    -2,-0.2   0.495 116.3-119.5 -77.0  -7.6    3.6   15.6   -2.7                A         A
   51   51 A G  T <<5S+     0   0    0     -4,-0.6    17,-2.7    -3,-0.5     2,-0.3   0.683  79.4  93.1  80.2  18.9    3.6   12.5   -0.4                A         A
   52   52 A R  E   < + C   0  67A 133     -5,-2.3     2,-0.3    15,-0.2    15,-0.2  -0.998  40.6 157.7-143.6 140.3    1.7   10.1   -2.8                A         A
   53   53 A S  E     - C   0  66A   9     13,-2.1    13,-3.1    -2,-0.3     2,-0.5  -0.991  31.0-129.1-156.2 160.8    2.8    7.6   -5.5                A         A
   54   54 A E  E     + C   0  65A 102     -2,-0.3   -24,-2.5    11,-0.2   -23,-0.8  -0.958  33.1 166.7-114.8 128.3    1.6    4.5   -7.4                A         A
   55   55 A I  E     -BC  29  64A   0      9,-2.6     9,-3.0    -2,-0.5     2,-0.4  -0.878  19.9-148.2-130.9 164.9    3.7    1.3   -7.6                A         A
   56   56 A A  E     -BC  28  63A   7    -28,-2.2   -28,-2.3    -2,-0.3     2,-0.5  -0.999  20.4-125.1-134.0 141.4    3.4   -2.3   -8.6                A         A
   57   57 A F  E  >  -B   27   0A   1      5,-2.4     4,-2.0    -2,-0.4     5,-0.5  -0.708  22.7-152.2 -72.0 120.2    4.9   -5.5   -7.4                A         A
   58   58 A V  T  4 S+     0   0   65    -32,-2.5    -1,-0.2    -2,-0.5   -31,-0.1   0.907  90.2  55.1 -65.8 -41.6    6.4   -7.0  -10.6                A         A
   59   59 A A  T  4 S+     0   0   85    -33,-0.6    -1,-0.2     1,-0.2   -32,-0.1   0.774 124.8  21.5 -64.3 -31.7    6.1  -10.7   -9.4                A         A
   60   60 A T  T  4 S-     0   0   59     -3,-0.3    -1,-0.2     2,-0.1    -2,-0.2   0.528  94.4-125.9-112.6 -14.0    2.4  -10.5   -8.7                A         A
   61   61 A G     <  +     0   0   47     -4,-2.0     2,-0.6     1,-0.2    -3,-0.2   0.592  54.7 158.5  67.7  12.3    1.2   -7.5  -10.8                A         A
   62   62 A T        -     0   0   28     -5,-0.5    -5,-2.4    -6,-0.0     2,-0.4  -0.587  29.2-152.8 -72.0 115.9   -0.3   -6.1   -7.5                A         A
   63   63 A N  E     -C   56   0A 102     -2,-0.6     2,-0.4    -7,-0.2    -7,-0.3  -0.736  12.7-170.6 -88.1 137.3   -0.7   -2.3   -7.9                A         A
   64   64 A L  E     -C   55   0A  10     -9,-3.0    -9,-2.6    -2,-0.4     2,-0.7  -0.993  21.0-143.8-128.4 137.1   -0.6   -0.1   -4.7                A         A
   65   65 A S  E     -C   54   0A  88     -2,-0.4     2,-0.3   -11,-0.2   -11,-0.2  -0.888  29.1-155.7 -95.6 109.0   -1.4    3.5   -4.1                A         A
   66   66 A L  E     -C   53   0A   2    -13,-3.1   -13,-2.1    -2,-0.7     2,-0.4  -0.696  13.6-165.7 -88.8 138.8    1.1    4.7   -1.5                A         A
   67   67 A Q  E     -C   52   0A 100     -2,-0.3     2,-0.9   -15,-0.2   -15,-0.2  -0.998  12.7-151.1-121.8 124.5    0.7    7.6    0.9                A         A
   68   68 A F        +     0   0    0    -17,-2.7    14,-0.3    -2,-0.4    17,-0.2  -0.304  65.3  94.4 -91.5  45.7    3.9    8.8    2.6                A         A
   69   69 A F  S    S-     0   0    9     -2,-0.9    -2,-0.1    31,-0.2    11,-0.0  -0.912  86.6 -81.5-131.1 159.1    2.0   10.1    5.7                A         A
   70   70 A P    >   -     0   0   52      0, 0.0     3,-2.2     0, 0.0    -2,-0.0  -0.306  44.6-114.8 -54.4 147.0    1.1    8.7    9.2                A         A
   71   71 A A  T 3  S+     0   0   48      1,-0.3    31,-0.0    30,-0.1    28,-0.0   0.760 115.7  61.1 -59.1 -27.4   -2.0    6.5    9.1                A         A
   72   72 A S  T 3  S+     0   0  104      2,-0.0     2,-0.7     3,-0.0    -1,-0.3   0.506  76.9 117.0 -74.7  -8.0   -3.8    9.1   11.3                A         A
   73   73 A W    <   +     0   0   48     -3,-2.2    -4,-0.1     1,-0.2     0, 0.0  -0.539  20.5 151.2 -73.7 108.6   -3.4   11.8    8.5                A         A
   74   74 A Q        +     0   0  179     -2,-0.7     2,-0.2     0, 0.0    -1,-0.2   0.216  33.5 135.2-106.8   4.2   -6.8   12.9    7.2                A         A
   75   75 A G        -     0   0   32      1,-0.1     4,-0.2     2,-0.1    -2,-0.0  -0.387  47.2-163.0 -73.9 133.4   -5.6   16.4    6.3                A         A
   76   76 A E        +     0   0  194     -2,-0.2     2,-0.2     2,-0.1    -1,-0.1   0.650  63.8 110.1 -73.0 -19.4   -6.3   18.2    3.0                A         A
   77   77 A Q  S    S-     0   0  152      1,-0.1     2,-1.3     0, 0.0    -2,-0.1  -0.434  81.4-115.0 -66.0 129.5   -3.4   20.5    3.8                A         A
   78   78 A R        +     0   0  245     -2,-0.2     2,-0.4     2,-0.0    -1,-0.1  -0.506  47.1 172.4 -60.4  92.1   -0.3   20.1    1.5                A         A
   79   79 A Q        -     0   0  112     -2,-1.3     3,-0.0    -4,-0.2    -4,-0.0  -0.893  35.4-120.5 -98.3 140.4    2.2   18.9    4.1                A         A
   80   80 A T        -     0   0  118     -2,-0.4   -30,-0.1     1,-0.1   -31,-0.1  -0.662  37.8-109.1 -71.1 131.0    5.6   17.7    2.9                A         A
   81   81 A P        -     0   0   13      0, 0.0   -12,-0.1     0, 0.0    -1,-0.1  -0.317  37.8-108.6 -60.1 144.7    6.1   14.1    4.0                A         A
   82   82 A S    >>  -     0   0   59    -14,-0.3     4,-1.9     1,-0.1     3,-1.7  -0.343  27.0-105.5 -71.2 161.3    8.6   13.6    6.8                A         A
   83   83 A R  T 34 S+     0   0  138      1,-0.3    -1,-0.1     2,-0.2     0, 0.0   0.748 118.7  68.1 -58.5 -24.4   12.1   12.1    6.2                A         A
   84   84 A E  T 34 S+     0   0  113      1,-0.2    -1,-0.3     2,-0.1     3,-0.2   0.829 111.6  31.4 -62.6 -33.2   10.7    8.9    8.0                A         A
   85   85 A Y  T <4 S+     0   0   26     -3,-1.7    13,-2.2     1,-0.3     2,-0.3   0.724 132.1  30.9 -97.1 -28.1    8.3    8.3    5.0                A         A
   86   86 A V  E  <  +D   97   0A  17     -4,-1.9     2,-0.6    11,-0.2    -1,-0.3  -0.888  65.0 176.6-137.8 104.9   10.5    9.8    2.2                A         A
   87   87 A D  E     +D   96   0A  29      9,-3.0     9,-2.9    -2,-0.3     4,-0.2  -0.923  12.8 161.5-113.3 110.0   14.4    9.6    2.4                A         A
   88   88 A L  S    S+     0   0   76     -2,-0.6     5,-0.2     7,-0.2     6,-0.2   0.430  74.7  59.8 -96.2  -9.5   16.3   11.0   -0.6                A         A
   89   89 A E  S    S+     0   0  145      1,-0.1     3,-0.2     3,-0.1    -1,-0.1   0.662  81.6  79.9 -97.5 -21.7   19.6   11.4    1.3                A         A
   90   90 A R  S    S+     0   0  167      1,-0.2     2,-0.3     6,-0.1    -1,-0.1   0.840 111.1   5.8 -57.7 -40.4   20.2    7.7    2.4                A         A
   91   91 A E  S >  S-     0   0   72      3,-0.4     3,-2.0    -4,-0.2    -1,-0.2  -0.947  83.7-110.6-150.1 129.1   21.5    6.8   -1.1                A         A
   92   92 A A  T 3  S+     0   0   98     -2,-0.3     3,-0.1     1,-0.3    -3,-0.1  -0.316 103.3  12.9 -61.8 131.4   22.3    8.9   -4.1                A         A
   93   93 A G  T 3  S+     0   0   33     -5,-0.2    23,-2.9     1,-0.2    24,-0.5   0.327 114.6  89.2  82.0  -3.0   19.9    8.3   -7.0                A         A
   94   94 A K  E <   - E   0 115A  40     -3,-2.0     2,-0.4    21,-0.3    -3,-0.4  -0.870  61.0-149.0-120.9 155.2   17.4    6.3   -4.8                A         A
   95   95 A V  E     - E   0 114A   0     19,-2.5    19,-2.3    -2,-0.3     2,-0.5  -0.995  10.9-148.8-119.2 125.0   14.4    7.2   -2.7                A         A
   96   96 A Y  E     -DE  87 113A  37     -9,-2.9    -9,-3.0    -2,-0.4     2,-0.4  -0.823  23.9-168.6 -91.2 130.9   13.6    5.2    0.4                A         A
   97   97 A L  E     -DE  86 112A   6     15,-3.0    15,-2.1    -2,-0.5     2,-0.4  -0.947  18.8-172.2-130.7 140.2    9.9    5.2    1.0                A         A
   98   98 A K  E     + E   0 111A  43    -13,-2.2    13,-0.2    -2,-0.4    11,-0.0  -0.998   9.1 177.0-131.4 133.7    7.6    4.1    3.9                A         A
   99   99 A A  E     - E   0 110A   0     11,-2.7    11,-2.9    -2,-0.4     2,-0.3  -0.895  16.9-151.1-143.7 108.3    3.8    4.0    3.5                A         A
  100  100 A P  E     + E   0 109A  17      0, 0.0     2,-0.3     0, 0.0     9,-0.2  -0.628  33.4 151.6 -77.4 135.7    1.3    2.7    6.2                A         A
  101  101 A M  E     - E   0 108A  27      7,-3.1     7,-2.8    -2,-0.3     2,-0.6  -0.956  48.8-114.2-152.9 167.5   -2.0    1.3    4.9                A         A
  102  102 A I  E     - E   0 107A  49     -2,-0.3     2,-0.5     5,-0.2     5,-0.2  -0.969  35.9-176.0-106.5 113.8   -4.8   -1.2    5.4                A         A
  103  103 A L  E >  S- E   0 106A  25      3,-2.7     3,-2.5    -2,-0.6    -2,-0.0  -0.955  70.8 -18.4-113.9 125.0   -4.6   -3.9    2.7                A         A
  104  104 A N  T 3  S-     0   0   85     -2,-0.5    -1,-0.2     1,-0.3     3,-0.1   0.776 129.8 -52.9  48.0  32.1   -7.4   -6.5    2.6                A         A
  105  105 A G  T 3  S+     0   0   10      1,-0.2  -100,-2.4  -102,-0.2     2,-0.5   0.577 115.6 116.2  79.7  12.9   -8.3   -5.5    6.2                A         A
  106  106 A V  E <   -E  103   0A   0     -3,-2.5    -3,-2.7  -102,-0.2     2,-0.6  -0.959  67.1-127.4-111.7 127.6   -4.7   -6.0    7.5                A         A
  107  107 A C  E     +E  102   0A   0     -2,-0.5    21,-2.1    -5,-0.2     2,-0.3  -0.633  44.6 164.9 -69.5 116.7   -2.7   -3.1    8.9                A         A
  108  108 A V  E     -EF 101 127A   0     -7,-2.8    -7,-3.1    -2,-0.6     2,-0.5  -0.952  35.0-140.0-133.9 154.9    0.6   -3.1    7.0                A         A
  109  109 A I  E     -EF 100 126A  22     17,-2.9    17,-2.8    -2,-0.3     2,-0.4  -0.975  17.4-147.0-112.6 117.9    3.6   -0.8    6.3                A         A
  110  110 A W  E     -EF  99 125A   0    -11,-2.9   -11,-2.7    -2,-0.5     2,-0.3  -0.721  22.8-179.3 -76.1 133.2    5.0   -0.9    2.8                A         A
  111  111 A K  E     +EF  98 124A  69     13,-2.6    13,-2.7    -2,-0.4     2,-0.3  -0.995  18.5 109.9-132.7 142.4    8.8   -0.3    2.8                A         A
  112  112 A G  E     -EF  97 123A  12    -15,-2.1   -15,-3.0    -2,-0.3     2,-0.3  -0.986  49.2-105.3 179.7-175.7   11.1   -0.1   -0.1                A         A
  113  113 A W  E     -EF  96 122A  55      9,-2.8     9,-1.3    -2,-0.3     2,-0.4  -0.973  19.8-159.1-132.4 151.0   13.4    2.0   -2.3                A         A
  114  114 A I  E     -EF  95 121A   0    -19,-2.3   -19,-2.5    -2,-0.3     2,-0.4  -0.999  22.6-123.6-129.8 133.2   13.0    3.2   -5.9                A         A
  115  115 A D  E  >  -E   94   0A  32      5,-3.2     4,-2.3    -2,-0.4   -21,-0.3  -0.630  18.2-145.1 -70.8 123.2   15.8    4.3   -8.3                A         A
  116  116 A L  T  4 S+     0   0   26    -23,-2.9   -71,-0.2    -2,-0.4    -1,-0.1   0.699  97.0  38.1 -67.3 -22.8   15.0    7.9   -9.4                A         A
  117  117 A Q  T  4 S+     0   0  135    -24,-0.5    -1,-0.2     3,-0.1   -76,-0.1   0.852 123.4  36.5 -93.4 -48.4   16.3    7.2  -13.0                A         A
  118  118 A R  T  4 S-     0   0  160      2,-0.2    -2,-0.2     1,-0.0     3,-0.1   0.744  89.9-140.4 -81.5 -21.8   15.1    3.6  -13.7                A         A
  119  119 A L  S  < S+     0   0    5     -4,-2.3   -90,-2.6     1,-0.3     2,-0.3   0.706  70.6 101.1  60.8  24.9   11.7    3.9  -11.8                A         A
  120  120 A D  E     +A   28   0A  23    -92,-0.2    -5,-3.2    -5,-0.2    -1,-0.3  -0.783  38.7 127.5-123.5 166.6   12.3    0.4  -10.5                A         A
  121  121 A G  E     -AF  27 114A   4    -94,-1.9   -94,-2.4    -7,-0.3     2,-0.3  -0.966  49.3 -67.1 176.1-154.6   13.5   -0.9   -7.1                A         A
  122  122 A M  E     +AF  26 113A  70     -9,-1.3    -9,-2.8    -2,-0.3     2,-0.3  -0.955  44.5 153.3-128.4 145.4   12.7   -3.2   -4.2                A         A
  123  123 A G  E     -AF  25 112A   1    -98,-2.3   -98,-2.6    -2,-0.3     2,-0.3  -0.987  13.7-172.8-161.1 169.1   10.0   -3.3   -1.6                A         A
  124  124 A C  E     - F   0 111A  23    -13,-2.7   -13,-2.6    -2,-0.3     2,-0.4  -0.940  28.1-106.0-151.9 169.0    8.0   -5.4    0.8                A         A
  125  125 A L  E     - F   0 110A   2   -104,-2.0     2,-0.3    -2,-0.3   -15,-0.2  -0.920  28.1-165.8-100.4 134.7    5.0   -5.3    3.3                A         A
  126  126 A E  E     - F   0 109A  77    -17,-2.8   -17,-2.9    -2,-0.4     2,-0.3  -0.895  28.2-108.5-112.9 146.9    5.6   -5.5    7.0                A         A
  127  127 A F  E     - F   0 108A  43     -2,-0.3     2,-1.0   -19,-0.2   -19,-0.2  -0.607  21.6-144.7 -73.9 131.3    2.9   -6.2    9.6                A         A
  128  128 A D     >  +     0   0   24    -21,-2.1     4,-2.6    -2,-0.3   -21,-0.2  -0.779  24.6 173.6 -97.3  86.3    1.9   -3.1   11.7                A         A
  129  129 A E  H  > S+     0   0   91     -2,-1.0     4,-2.3     2,-0.2    -1,-0.2   0.921  75.5  50.3 -63.3 -45.4    1.2   -4.7   15.1                A         A
  130  130 A E  H  > S+     0   0  135      1,-0.2     4,-1.9     2,-0.2    -1,-0.2   0.944 117.4  40.3 -60.8 -47.1    0.7   -1.4   17.0                A         A
  131  131 A R  H  > S+     0   0   26      2,-0.2     4,-3.1     1,-0.2     5,-0.3   0.870 109.8  59.0 -70.9 -37.3   -1.8   -0.1   14.4                A         A
  132  132 A A  H  X S+     0   0    6     -4,-2.6     4,-2.2     1,-0.2    -2,-0.2   0.924 109.2  45.8 -57.1 -43.0   -3.5   -3.5   14.0                A         A
  133  133 A Q  H  X S+     0   0  121     -4,-2.3     4,-2.5     2,-0.2    -2,-0.2   0.914 114.5  47.4 -64.7 -44.8   -4.3   -3.5   17.7                A         A
  134  134 A Q  H  X S+     0   0  107     -4,-1.9     4,-2.2     2,-0.2    -2,-0.2   0.938 116.5  42.5 -63.1 -48.4   -5.5    0.2   17.5                A         A
  135  135 A E  H  X S+     0   0   36     -4,-3.1     4,-2.4     2,-0.2  -131,-0.2   0.851 113.6  52.8 -69.6 -34.3   -7.7   -0.4   14.4                A         A
  136  136 A D  H  X S+     0   0   43     -4,-2.2     4,-2.9    -5,-0.3     5,-0.2   0.944 109.8  48.5 -66.2 -43.6   -9.0   -3.8   15.8                A         A
  137  137 A A  H  X S+     0   0   43     -4,-2.5     4,-2.5     1,-0.2    -2,-0.2   0.929 114.2  46.1 -60.4 -44.4  -10.1   -2.1   19.1                A         A
  138  138 A L  H  X S+     0   0  101     -4,-2.2     4,-2.4     2,-0.2    -1,-0.2   0.888 113.6  49.6 -64.8 -39.7  -11.8    0.7   17.1                A         A
  139  139 A A  H  X S+     0   0   14     -4,-2.4     4,-2.0     2,-0.2    -2,-0.2   0.911 111.6  48.1 -65.4 -43.7  -13.5   -1.9   14.8                A         A
  140  140 A Q  H  X S+     0   0  100     -4,-2.9     4,-2.8     2,-0.2     5,-0.2   0.946 112.6  48.7 -63.0 -47.1  -14.7   -4.0   17.8                A         A
  141  141 A Q  H  X S+     0   0  110     -4,-2.5     4,-2.8     1,-0.2     5,-0.2   0.937 112.4  48.2 -58.2 -47.4  -16.1   -0.8   19.5                A         A
  142  142 A A  H  X S+     0   0   56     -4,-2.4     4,-2.1     1,-0.2    -1,-0.2   0.857 113.1  48.8 -62.6 -35.7  -17.9    0.2   16.3                A         A
  143  143 A F  H  X S+     0   0  129     -4,-2.0     4,-2.7     2,-0.2    -2,-0.2   0.915 112.1  47.7 -69.5 -43.4  -19.3   -3.4   15.9                A         A
  144  144 A E  H  X S+     0   0  128     -4,-2.8     4,-2.8     2,-0.2    -2,-0.2   0.924 113.3  48.3 -64.2 -43.2  -20.5   -3.5   19.6                A         A
  145  145 A E  H  X S+     0   0  105     -4,-2.8     4,-2.9     2,-0.2    -2,-0.2   0.918 113.1  47.7 -62.2 -44.0  -22.1   -0.0   19.2                A         A
  146  146 A A  H  X S+     0   0   49     -4,-2.1     4,-2.2    -5,-0.2    -2,-0.2   0.924 113.6  47.9 -63.0 -42.4  -23.8   -1.1   15.9                A         A
  147  147 A R  H  X S+     0   0  138     -4,-2.7     4,-2.4     2,-0.2    -2,-0.2   0.897 112.8  48.9 -64.1 -41.4  -25.0   -4.4   17.6                A         A
  148  148 A R  H  X S+     0   0  160     -4,-2.8     4,-3.0     2,-0.2     5,-0.2   0.939 111.4  48.7 -64.3 -47.0  -26.3   -2.4   20.6                A         A
  149  149 A R  H  X S+     0   0  167     -4,-2.9     4,-1.7     2,-0.2    -2,-0.2   0.865 111.3  51.0 -59.9 -38.9  -28.1    0.1   18.3                A         A
  150  150 A T  H  X S+     0   0   74     -4,-2.2     4,-2.5     2,-0.2    -2,-0.2   0.946 112.7  45.4 -64.7 -46.1  -29.6   -2.9   16.4                A         A
  151  151 A R  H  X S+     0   0  127     -4,-2.4     4,-2.9     1,-0.2     5,-0.2   0.929 111.6  51.7 -61.7 -46.3  -30.8   -4.5   19.7                A         A
  152  152 A E  H  X S+     0   0   69     -4,-3.0     4,-1.8     1,-0.2    -1,-0.2   0.827 112.2  48.0 -60.0 -33.8  -32.2   -1.1   20.9                A         A
  153  153 A F  H  X S+     0   0  150     -4,-1.7     4,-2.5    -5,-0.2    -2,-0.2   0.931 112.5  47.1 -71.5 -45.9  -34.1   -0.8   17.6                A         A
  154  154 A E  H  X S+     0   0  111     -4,-2.5     4,-2.4     2,-0.2    -2,-0.2   0.889 113.7  48.6 -61.7 -41.3  -35.5   -4.4   17.8                A         A
  155  155 A D  H  X S+     0   0   89     -4,-2.9     4,-2.9     2,-0.2     5,-0.2   0.919 112.5  48.3 -67.1 -42.2  -36.5   -3.9   21.5                A         A
  156  156 A R  H  X S+     0   0  182     -4,-1.8     4,-2.5    -5,-0.2    -2,-0.2   0.896 112.1  49.0 -63.1 -42.3  -38.2   -0.5   20.5                A         A
  157  157 A D  H  X S+     0   0   96     -4,-2.5     4,-2.3     2,-0.2    -2,-0.2   0.922 113.2  48.0 -64.7 -40.9  -40.1   -2.2   17.6                A         A
  158  158 A R  H  X S+     0   0  146     -4,-2.4     4,-2.7     2,-0.2    -2,-0.2   0.953 113.2  46.5 -62.2 -50.8  -41.2   -5.0   19.9                A         A
  159  159 A S  H  X S+     0   0   60     -4,-2.9     4,-2.6     1,-0.2    -2,-0.2   0.895 112.7  50.8 -60.3 -40.0  -42.4   -2.6   22.6                A         A
  160  160 A H  H  X S+     0   0  105     -4,-2.5     4,-1.9     2,-0.2    -1,-0.2   0.888 111.7  47.6 -65.2 -38.6  -44.2   -0.5   20.0                A         A
  161  161 A R  H  X S+     0   0  162     -4,-2.3     4,-2.5     2,-0.2    -2,-0.2   0.938 112.1  49.1 -65.5 -46.6  -45.9   -3.7   18.6                A         A
  162  162 A E  H  X S+     0   0  104     -4,-2.7     4,-2.5     1,-0.2    -2,-0.2   0.916 110.7  51.0 -60.4 -43.4  -46.9   -4.8   22.1                A         A
  163  163 A E  H  X S+     0   0  102     -4,-2.6     4,-2.4     2,-0.2    -1,-0.2   0.893 111.1  48.3 -60.9 -41.5  -48.3   -1.3   22.9                A         A
  164  164 A M  H  X S+     0   0   99     -4,-1.9     4,-2.8     2,-0.2    -2,-0.2   0.930 110.8  50.4 -64.0 -44.4  -50.4   -1.5   19.6                A         A
  165  165 A E  H  X S+     0   0  101     -4,-2.5     4,-2.5     2,-0.2    -2,-0.2   0.904 112.1  48.0 -62.2 -39.6  -51.7   -5.0   20.4                A         A
  166  166 A V  H  X S+     0   0   78     -4,-2.5     4,-2.4     2,-0.2    -2,-0.2   0.935 113.1  47.6 -64.7 -45.9  -52.7   -3.7   23.9                A         A
  167  167 A R  H  X S+     0   0  149     -4,-2.4     4,-2.3     2,-0.2    -2,-0.2   0.909 113.2  48.2 -62.9 -42.1  -54.5   -0.6   22.4                A         A
  168  168 A V  H  X S+     0   0   80     -4,-2.8     4,-2.6     2,-0.2    -2,-0.2   0.934 111.7  50.0 -63.0 -45.1  -56.3   -2.8   19.8                A         A
  169  169 A S  H  X S+     0   0   75     -4,-2.5     4,-2.0     1,-0.2    -2,-0.2   0.902 111.7  48.4 -61.4 -41.3  -57.4   -5.3   22.5                A         A
  170  170 A Q  H  X S+     0   0  120     -4,-2.4     4,-1.6     2,-0.2    -1,-0.2   0.921 111.5  49.7 -64.5 -43.7  -58.7   -2.3   24.7                A         A
  171  171 A L  H  X S+     0   0  117     -4,-2.3     4,-2.2     2,-0.2    -2,-0.2   0.922 110.9  49.6 -61.9 -43.9  -60.6   -0.9   21.7                A         A
  172  172 A L  H  X S+     0   0  114     -4,-2.6     4,-2.8     1,-0.2     5,-0.2   0.875 108.6  52.9 -63.0 -38.4  -62.2   -4.3   20.8                A         A
  173  173 A A  H  X S+     0   0   55     -4,-2.0     4,-1.1    -5,-0.2    -1,-0.2   0.847 110.7  47.8 -65.7 -33.5  -63.3   -4.7   24.5                A         A
  174  174 A V  H  < S+     0   0   87     -4,-1.6     4,-0.4     2,-0.2    -2,-0.2   0.887 115.6  43.3 -74.2 -40.0  -65.0   -1.2   24.4                A         A
  175  175 A T  H >X S+     0   0   81     -4,-2.2     3,-1.3     2,-0.2     4,-0.7   0.917 110.3  55.4 -73.6 -39.5  -66.8   -2.0   21.0                A         A
  176  176 A G  H >< S+     0   0   40     -4,-2.8     3,-0.5     1,-0.3     4,-0.4   0.837 104.5  55.1 -61.8 -31.5  -67.8   -5.5   22.1                A         A
  177  177 A K  T 3< S+     0   0  165     -4,-1.1    -1,-0.3     1,-0.2     3,-0.2   0.690 101.7  59.5 -71.7 -19.5  -69.5   -4.0   25.2                A         A
  178  178 A K  T <4 S+     0   0  163     -3,-1.3    -1,-0.2    -4,-0.4    -2,-0.2   0.703  95.2  60.5 -84.2 -19.6  -71.6   -1.7   22.9                A         A
  179  179 A T  S << S+     0   0  118     -4,-0.7     2,-1.1    -3,-0.5    -1,-0.2   0.613  86.8  79.8 -87.2  -9.8  -73.3   -4.5   20.9                A         A
  180  180 A T        +     0   0  112     -4,-0.4    -1,-0.2    -3,-0.2    -4,-0.0  -0.607  57.9 115.4 -93.0  70.1  -74.9   -6.0   24.1                A         A
  181  181 A R              0   0  223     -2,-1.1    -3,-0.0    -3,-0.1    -4,-0.0  -0.955 360.0 360.0-126.7 126.4  -77.9   -3.6   24.5                A         A
  182  182 A P              0   0  204      0, 0.0    -2,-0.0     0, 0.0     0, 0.0  -0.192 360.0 360.0 -69.1 360.0  -81.2   -5.5   24.0                A         A
